This file contains any messages produced by compilers while
running configure, to aid debugging if configure makes a mistake.

It was created by FreeType configure 2.4.4, which was
generated by GNU Autoconf 2.67.  Invocation command line was

  $ ./configure --prefix=/exo/cm/ws/jcg/montage/lib/src/freetype-2.4.4/../../freetype

## --------- ##
## Platform. ##
## --------- ##

hostname = exodev
uname -m = x86_64
uname -r = 2.6.18-348.12.1.el5
uname -s = Linux
uname -v = #1 SMP Mon Jul 1 17:54:12 EDT 2013

/usr/bin/uname -p = unknown
/bin/uname -X     = unknown

/bin/arch              = x86_64
/usr/bin/arch -k       = unknown
/usr/convex/getsysinfo = unknown
/usr/bin/hostinfo      = unknown
/bin/machine           = unknown
/usr/bin/oslevel       = unknown
/bin/universe          = unknown

PATH: /home/jcg/work/GDA/bin
PATH: /opt/oraclient/oracle/product/10.2.0/bin
PATH: /stage/irsa-staff-jcg/crack/sbin
PATH: /exo/cm/ws/jcg/montage/bin
PATH: /exo/cm/ws/jcg/stk/bin
PATH: /exo/cm/ws/jcg/ice/bin
PATH: /exo/cm/ws/jcg/exo/bin
PATH: /exo/cm/ws/jcg/base/bin
PATH: /exo/cm/tps_irsa_1.4_mnt/bin
PATH: /exo/cm/env_1.9_mnt/misc/bin
PATH: /exo/cm/env_1.9_mnt/gnu/bin
PATH: /exo/cm/env_1.9_mnt/python/bin
PATH: /exo/cm/env_1.9_mnt/perl/bin
PATH: /exo/cm/env_1.9_mnt/java/jdk1.7.0_25/bin
PATH: /usr/bin
PATH: /exo/cm/env_1.9_mnt/core/bin
PATH: /exo/cm/env_1.9_mnt/go/bin
PATH: /exo/cm/env_1.9_mnt/java/jdk1.7.0_25/bin
PATH: /exo/cm/env_1.9_mnt/java/jh/javahelp/bin
PATH: /exo/cm/env_1.9_mnt/java/ant/bin
PATH: /exo/cm/env_1.9_mnt/php/bin
PATH: /exo/cm/env_1.9_mnt/perl/site/bin
PATH: /exo/cm/env_1.9_mnt/perl/bin
PATH: /opt/accurev/bin
PATH: /opt/unixODBC-2.3.0/bin
PATH: /opt/oraclient/oracle/product/10.2.0/bin
PATH: /usr/X11R6/bin
PATH: /usr/bin
PATH: /bin
PATH: .


## ----------- ##
## Core tests. ##
## ----------- ##

configure:2579: checking build system type
configure:2593: result: x86_64-unknown-linux-gnu
configure:2613: checking host system type
configure:2626: result: x86_64-unknown-linux-gnu
configure:2698: checking for gcc
configure:2725: result: /exo/cm/env_1.9_mnt/core/bin/gcc
configure:2954: checking for C compiler version
configure:2963: /exo/cm/env_1.9_mnt/core/bin/gcc --version >&5
gcc (GCC) 4.7.3
Copyright (C) 2012 Free Software Foundation, Inc.
This is free software; see the source for copying conditions.  There is NO
warranty; not even for MERCHANTABILITY or FITNESS FOR A PARTICULAR PURPOSE.

configure:2974: $? = 0
configure:2963: /exo/cm/env_1.9_mnt/core/bin/gcc -v >&5
Using built-in specs.
COLLECT_GCC=/exo/cm/env_1.9_mnt/core/bin/gcc
COLLECT_LTO_WRAPPER=/exo/cm/env_1.9_mnt/core/libexec/gcc/x86_64-unknown-linux-gnu/4.7.3/lto-wrapper
Target: x86_64-unknown-linux-gnu
Configured with: ../gcc-4.7.3/configure --prefix=/exo/cm/env_1.9_mnt/core --with-local-prefix=/exo/cm/env_1.9_mnt/core --enable-languages=c,c++,fortran,go --enable-gold=default --enable-ld=yes --enable-lto --enable-static --enable-shared --enable-__cxa_atexit --with-fpmath=sse --with-gmp=/exo/cm/env_1.9_mnt/core --with-mpfr=/exo/cm/env_1.9_mnt/core --with-mpc=/exo/cm/env_1.9_mnt/core --with-ppl=/exo/cm/env_1.9_mnt/core --with-cloog=/exo/cm/env_1.9_mnt/core --disable-werror --disable-multilib
Thread model: posix
gcc version 4.7.3 (GCC) 
configure:2974: $? = 0
configure:2963: /exo/cm/env_1.9_mnt/core/bin/gcc -V >&5
gcc: error: unrecognized command line option '-V'
gcc: fatal error: no input files
compilation terminated.
configure:2974: $? = 1
configure:2963: /exo/cm/env_1.9_mnt/core/bin/gcc -qversion >&5
gcc: error: unrecognized command line option '-qversion'
gcc: fatal error: no input files
compilation terminated.
configure:2974: $? = 1
configure:2994: checking whether the C compiler works
configure:3016: /exo/cm/env_1.9_mnt/core/bin/gcc    conftest.c  >&5
configure:3020: $? = 0
configure:3068: result: yes
configure:3071: checking for C compiler default output file name
configure:3073: result: a.out
configure:3079: checking for suffix of executables
configure:3086: /exo/cm/env_1.9_mnt/core/bin/gcc -o conftest    conftest.c  >&5
configure:3090: $? = 0
configure:3112: result: 
configure:3134: checking whether we are cross compiling
configure:3142: /exo/cm/env_1.9_mnt/core/bin/gcc -o conftest    conftest.c  >&5
configure:3146: $? = 0
configure:3153: ./conftest
configure:3157: $? = 0
configure:3172: result: no
configure:3177: checking for suffix of object files
configure:3199: /exo/cm/env_1.9_mnt/core/bin/gcc -c   conftest.c >&5
configure:3203: $? = 0
configure:3224: result: o
configure:3228: checking whether we are using the GNU C compiler
configure:3247: /exo/cm/env_1.9_mnt/core/bin/gcc -c   conftest.c >&5
configure:3247: $? = 0
configure:3256: result: yes
configure:3265: checking whether /exo/cm/env_1.9_mnt/core/bin/gcc accepts -g
configure:3285: /exo/cm/env_1.9_mnt/core/bin/gcc -c -g  conftest.c >&5
configure:3285: $? = 0
configure:3326: result: yes
configure:3343: checking for /exo/cm/env_1.9_mnt/core/bin/gcc option to accept ISO C89
configure:3407: /exo/cm/env_1.9_mnt/core/bin/gcc  -c -g -O2  conftest.c >&5
configure:3407: $? = 0
configure:3420: result: none needed
configure:3445: checking how to run the C preprocessor
configure:3476: /exo/cm/env_1.9_mnt/core/bin/gcc -E  conftest.c
configure:3476: $? = 0
configure:3490: /exo/cm/env_1.9_mnt/core/bin/gcc -E  conftest.c
conftest.c:9:28: fatal error: ac_nonexistent.h: No such file or directory
compilation terminated.
configure:3490: $? = 1
configure: failed program was:
| /* confdefs.h */
| #define PACKAGE_NAME "FreeType"
| #define PACKAGE_TARNAME "freetype"
| #define PACKAGE_VERSION "2.4.4"
| #define PACKAGE_STRING "FreeType 2.4.4"
| #define PACKAGE_BUGREPORT "freetype@nongnu.org"
| #define PACKAGE_URL ""
| /* end confdefs.h.  */
| #include <ac_nonexistent.h>
configure:3515: result: /exo/cm/env_1.9_mnt/core/bin/gcc -E
configure:3535: /exo/cm/env_1.9_mnt/core/bin/gcc -E  conftest.c
configure:3535: $? = 0
configure:3549: /exo/cm/env_1.9_mnt/core/bin/gcc -E  conftest.c
conftest.c:9:28: fatal error: ac_nonexistent.h: No such file or directory
compilation terminated.
configure:3549: $? = 1
configure: failed program was:
| /* confdefs.h */
| #define PACKAGE_NAME "FreeType"
| #define PACKAGE_TARNAME "freetype"
| #define PACKAGE_VERSION "2.4.4"
| #define PACKAGE_STRING "FreeType 2.4.4"
| #define PACKAGE_BUGREPORT "freetype@nongnu.org"
| #define PACKAGE_URL ""
| /* end confdefs.h.  */
| #include <ac_nonexistent.h>
configure:3765: checking for rm
configure:3781: found /bin/rm
configure:3792: result: rm -f
configure:3802: checking for rmdir
configure:3818: found /bin/rmdir
configure:3829: result: rmdir
configure:3857: checking for a BSD-compatible install
configure:3925: result: /usr/bin/install -c
configure:3948: checking for grep that handles long lines and -e
configure:4006: result: /bin/grep
configure:4011: checking for egrep
configure:4073: result: /bin/grep -E
configure:4078: checking for ANSI C header files
configure:4098: /exo/cm/env_1.9_mnt/core/bin/gcc -c -g -O2  conftest.c >&5
configure:4098: $? = 0
configure:4171: /exo/cm/env_1.9_mnt/core/bin/gcc -o conftest -g -O2   conftest.c  >&5
configure:4171: $? = 0
configure:4171: ./conftest
configure:4171: $? = 0
configure:4182: result: yes
configure:4195: checking for sys/types.h
configure:4195: /exo/cm/env_1.9_mnt/core/bin/gcc -c -g -O2  conftest.c >&5
configure:4195: $? = 0
configure:4195: result: yes
configure:4195: checking for sys/stat.h
configure:4195: /exo/cm/env_1.9_mnt/core/bin/gcc -c -g -O2  conftest.c >&5
configure:4195: $? = 0
configure:4195: result: yes
configure:4195: checking for stdlib.h
configure:4195: /exo/cm/env_1.9_mnt/core/bin/gcc -c -g -O2  conftest.c >&5
configure:4195: $? = 0
configure:4195: result: yes
configure:4195: checking for string.h
configure:4195: /exo/cm/env_1.9_mnt/core/bin/gcc -c -g -O2  conftest.c >&5
configure:4195: $? = 0
configure:4195: result: yes
configure:4195: checking for memory.h
configure:4195: /exo/cm/env_1.9_mnt/core/bin/gcc -c -g -O2  conftest.c >&5
configure:4195: $? = 0
configure:4195: result: yes
configure:4195: checking for strings.h
configure:4195: /exo/cm/env_1.9_mnt/core/bin/gcc -c -g -O2  conftest.c >&5
configure:4195: $? = 0
configure:4195: result: yes
configure:4195: checking for inttypes.h
configure:4195: /exo/cm/env_1.9_mnt/core/bin/gcc -c -g -O2  conftest.c >&5
configure:4195: $? = 0
configure:4195: result: yes
configure:4195: checking for stdint.h
configure:4195: /exo/cm/env_1.9_mnt/core/bin/gcc -c -g -O2  conftest.c >&5
configure:4195: $? = 0
configure:4195: result: yes
configure:4195: checking for unistd.h
configure:4195: /exo/cm/env_1.9_mnt/core/bin/gcc -c -g -O2  conftest.c >&5
configure:4195: $? = 0
configure:4195: result: yes
configure:4210: checking fcntl.h usability
configure:4210: /exo/cm/env_1.9_mnt/core/bin/gcc -c -g -O2  conftest.c >&5
configure:4210: $? = 0
configure:4210: result: yes
configure:4210: checking fcntl.h presence
configure:4210: /exo/cm/env_1.9_mnt/core/bin/gcc -E  conftest.c
configure:4210: $? = 0
configure:4210: result: yes
configure:4210: checking for fcntl.h
configure:4210: result: yes
configure:4210: checking for unistd.h
configure:4210: result: yes
configure:4224: checking for an ANSI C-conforming const
configure:4289: /exo/cm/env_1.9_mnt/core/bin/gcc -c -g -O2  conftest.c >&5
configure:4289: $? = 0
configure:4296: result: yes
configure:4308: checking size of int
configure:4313: /exo/cm/env_1.9_mnt/core/bin/gcc -o conftest -g -O2   conftest.c  >&5
configure:4313: $? = 0
configure:4313: ./conftest
configure:4313: $? = 0
configure:4327: result: 4
configure:4341: checking size of long
configure:4346: /exo/cm/env_1.9_mnt/core/bin/gcc -o conftest -g -O2   conftest.c  >&5
configure:4346: $? = 0
configure:4346: ./conftest
configure:4346: $? = 0
configure:4360: result: 8
configure:4374: checking cpp computation of bit length in ftconfig.in works
configure:4425: result: yes
configure:4454: checking for stdlib.h
configure:4454: result: yes
configure:4454: checking for unistd.h
configure:4454: result: yes
configure:4454: checking for sys/param.h
configure:4454: /exo/cm/env_1.9_mnt/core/bin/gcc -c -g -O2  conftest.c >&5
configure:4454: $? = 0
configure:4454: result: yes
configure:4474: checking for getpagesize
configure:4474: /exo/cm/env_1.9_mnt/core/bin/gcc -o conftest -g -O2   conftest.c  >&5
configure:4474: $? = 0
configure:4474: result: yes
configure:4483: checking for working mmap
configure:4630: /exo/cm/env_1.9_mnt/core/bin/gcc -o conftest -g -O2   conftest.c  >&5
configure:4630: $? = 0
configure:4630: ./conftest
configure:4630: $? = 0
configure:4640: result: yes
configure:4654: checking whether munmap is declared
configure:4654: /exo/cm/env_1.9_mnt/core/bin/gcc -c -g -O2  conftest.c >&5
configure:4654: $? = 0
configure:4654: result: yes
configure:4674: checking for munmap's first parameter type
configure:4688: /exo/cm/env_1.9_mnt/core/bin/gcc -c -g -O2  conftest.c >&5
configure:4688: $? = 0
configure:4689: result: void *
configure:4706: checking for memcpy
configure:4706: /exo/cm/env_1.9_mnt/core/bin/gcc -o conftest -g -O2   conftest.c  >&5
conftest.c:53:6: warning: conflicting types for built-in function 'memcpy' [enabled by default]
configure:4706: $? = 0
configure:4706: result: yes
configure:4706: checking for memmove
configure:4706: /exo/cm/env_1.9_mnt/core/bin/gcc -o conftest -g -O2   conftest.c  >&5
conftest.c:54:6: warning: conflicting types for built-in function 'memmove' [enabled by default]
configure:4706: $? = 0
configure:4706: result: yes
configure:4727: checking for gzsetparams in -lz
configure:4752: /exo/cm/env_1.9_mnt/core/bin/gcc -o conftest -g -O2   conftest.c -lz   >&5
configure:4752: $? = 0
configure:4761: result: yes
configure:4764: checking zlib.h usability
configure:4764: /exo/cm/env_1.9_mnt/core/bin/gcc -c -g -O2  conftest.c >&5
configure:4764: $? = 0
configure:4764: result: yes
configure:4764: checking zlib.h presence
configure:4764: /exo/cm/env_1.9_mnt/core/bin/gcc -E  conftest.c
configure:4764: $? = 0
configure:4764: result: yes
configure:4764: checking for zlib.h
configure:4764: result: yes
configure:5392: checking for a sed that does not truncate output
configure:5456: result: /bin/sed
configure:5474: checking for fgrep
configure:5536: result: /bin/grep -F
configure:5571: checking for ld used by /exo/cm/env_1.9_mnt/core/bin/gcc
configure:5638: result: /exo/cm/env_1.9_mnt/core/x86_64-unknown-linux-gnu/bin/ld
configure:5645: checking if the linker (/exo/cm/env_1.9_mnt/core/x86_64-unknown-linux-gnu/bin/ld) is GNU ld
configure:5660: result: yes
configure:5672: checking for BSD- or MS-compatible name lister (nm)
configure:5721: result: /exo/cm/env_1.9_mnt/misc/bin/nm -B
configure:5839: checking the name lister (/exo/cm/env_1.9_mnt/misc/bin/nm -B) interface
configure:5846: /exo/cm/env_1.9_mnt/core/bin/gcc -c -g -O2 -DFT_CONFIG_OPTION_SYSTEM_ZLIB  conftest.c >&5
configure:5849: /exo/cm/env_1.9_mnt/misc/bin/nm -B "conftest.o"
configure:5852: output
0000000000000000 B some_variable
configure:5859: result: BSD nm
configure:5862: checking whether ln -s works
configure:5866: result: yes
configure:5874: checking the maximum length of command line arguments
configure:5994: result: 98304
configure:6011: checking whether the shell understands some XSI constructs
configure:6021: result: yes
configure:6025: checking whether the shell understands "+="
configure:6031: result: yes
configure:6066: checking for /exo/cm/env_1.9_mnt/core/x86_64-unknown-linux-gnu/bin/ld option to reload object files
configure:6073: result: -r
configure:6142: checking for objdump
configure:6158: found /exo/cm/env_1.9_mnt/misc/bin/objdump
configure:6169: result: objdump
configure:6198: checking how to recognize dependent libraries
configure:6394: result: pass_all
configure:6454: checking for ar
configure:6470: found /exo/cm/env_1.9_mnt/misc/bin/ar
configure:6481: result: ar
configure:6559: checking for strip
configure:6575: found /exo/cm/env_1.9_mnt/misc/bin/strip
configure:6586: result: strip
configure:6658: checking for ranlib
configure:6674: found /exo/cm/env_1.9_mnt/misc/bin/ranlib
configure:6685: result: ranlib
configure:6775: checking command to parse /exo/cm/env_1.9_mnt/misc/bin/nm -B output from /exo/cm/env_1.9_mnt/core/bin/gcc object
configure:6893: /exo/cm/env_1.9_mnt/core/bin/gcc -c -g -O2 -DFT_CONFIG_OPTION_SYSTEM_ZLIB  conftest.c >&5
configure:6896: $? = 0
configure:6900: /exo/cm/env_1.9_mnt/misc/bin/nm -B conftest.o \| sed -n -e 's/^.*[	 ]\([ABCDGIRSTW][ABCDGIRSTW]*\)[	 ][	 ]*\([_A-Za-z][_A-Za-z0-9]*\)$/\1 \2 \2/p' \> conftest.nm
configure:6903: $? = 0
configure:6957: /exo/cm/env_1.9_mnt/core/bin/gcc -o conftest -g -O2 -DFT_CONFIG_OPTION_SYSTEM_ZLIB   -lz conftest.c conftstm.o >&5
configure:6960: $? = 0
configure:6998: result: ok
configure:7093: /exo/cm/env_1.9_mnt/core/bin/gcc -c -g -O2 -DFT_CONFIG_OPTION_SYSTEM_ZLIB  conftest.c >&5
configure:7096: $? = 0
configure:7803: checking for dlfcn.h
configure:7803: /exo/cm/env_1.9_mnt/core/bin/gcc -c -g -O2 -DFT_CONFIG_OPTION_SYSTEM_ZLIB  conftest.c >&5
configure:7803: $? = 0
configure:7803: result: yes
configure:8285: checking for objdir
configure:8300: result: .libs
configure:8592: checking if /exo/cm/env_1.9_mnt/core/bin/gcc supports -fno-rtti -fno-exceptions
configure:8610: /exo/cm/env_1.9_mnt/core/bin/gcc -c -g -O2 -DFT_CONFIG_OPTION_SYSTEM_ZLIB  -fno-rtti -fno-exceptions conftest.c >&5
cc1: warning: command line option '-fno-rtti' is valid for C++/ObjC++ but not for C [enabled by default]
configure:8614: $? = 0
configure:8627: result: no
configure:8647: checking for /exo/cm/env_1.9_mnt/core/bin/gcc option to produce PIC
configure:8919: result: -fPIC -DPIC
configure:8931: checking if /exo/cm/env_1.9_mnt/core/bin/gcc PIC flag -fPIC -DPIC works
configure:8949: /exo/cm/env_1.9_mnt/core/bin/gcc -c -g -O2 -DFT_CONFIG_OPTION_SYSTEM_ZLIB  -fPIC -DPIC -DPIC conftest.c >&5
configure:8953: $? = 0
configure:8966: result: yes
configure:8990: checking if /exo/cm/env_1.9_mnt/core/bin/gcc static flag -static works
configure:9018: result: yes
configure:9033: checking if /exo/cm/env_1.9_mnt/core/bin/gcc supports -c -o file.o
configure:9054: /exo/cm/env_1.9_mnt/core/bin/gcc -c -g -O2 -DFT_CONFIG_OPTION_SYSTEM_ZLIB  -o out/conftest2.o conftest.c >&5
configure:9058: $? = 0
configure:9080: result: yes
configure:9088: checking if /exo/cm/env_1.9_mnt/core/bin/gcc supports -c -o file.o
configure:9135: result: yes
configure:9168: checking whether the /exo/cm/env_1.9_mnt/core/bin/gcc linker (/exo/cm/env_1.9_mnt/core/x86_64-unknown-linux-gnu/bin/ld -m elf_x86_64) supports shared libraries
configure:10154: result: yes
configure:10191: checking whether -lc should be explicitly linked in
configure:10196: /exo/cm/env_1.9_mnt/core/bin/gcc -c -g -O2 -DFT_CONFIG_OPTION_SYSTEM_ZLIB  conftest.c >&5
configure:10199: $? = 0
configure:10214: /exo/cm/env_1.9_mnt/core/bin/gcc -shared conftest.o  -v -Wl,-soname -Wl,conftest -o conftest 2\>\&1 \| /bin/grep  -lc  \>/dev/null 2\>\&1
configure:10217: $? = 0
configure:10229: result: no
configure:10393: checking dynamic linker characteristics
configure:10826: /exo/cm/env_1.9_mnt/core/bin/gcc -o conftest -g -O2 -DFT_CONFIG_OPTION_SYSTEM_ZLIB   -lz -Wl,-rpath -Wl,/foo conftest.c  >&5
configure:10826: $? = 0
configure:11044: result: GNU/Linux ld.so
configure:11146: checking how to hardcode library paths into programs
configure:11171: result: immediate
configure:11691: checking whether stripping libraries is possible
configure:11696: result: yes
configure:11731: checking if libtool supports shared libraries
configure:11733: result: yes
configure:11736: checking whether to build shared libraries
configure:11757: result: yes
configure:11760: checking whether to build static libraries
configure:11764: result: yes
configure:11926: creating ./config.status

## ---------------------- ##
## Running config.status. ##
## ---------------------- ##

This file was extended by FreeType config.status 2.4.4, which was
generated by GNU Autoconf 2.67.  Invocation command line was

  CONFIG_FILES    = 
  CONFIG_HEADERS  = 
  CONFIG_LINKS    = 
  CONFIG_COMMANDS = 
  $ ./config.status 

on exodev

config.status:1065: creating unix-cc.mk
config.status:1065: creating unix-def.mk
config.status:1065: creating freetype-config
config.status:1065: creating freetype2.pc
config.status:1065: creating ftconfig.h
config.status:1253: executing libtool commands

## ---------------- ##
## Cache variables. ##
## ---------------- ##[]

ac_cv_build=x86_64-unknown-linux-gnu
ac_cv_c_compiler_gnu=yes
ac_cv_c_const=yes
ac_cv_env_CC_set=set
ac_cv_env_CC_value=/exo/cm/env_1.9_mnt/core/bin/gcc
ac_cv_env_CFLAGS_set=
ac_cv_env_CFLAGS_value=
ac_cv_env_CPPFLAGS_set=
ac_cv_env_CPPFLAGS_value=
ac_cv_env_CPP_set=
ac_cv_env_CPP_value=
ac_cv_env_LDFLAGS_set=
ac_cv_env_LDFLAGS_value=
ac_cv_env_LIBS_set=
ac_cv_env_LIBS_value=
ac_cv_env_build_alias_set=
ac_cv_env_build_alias_value=
ac_cv_env_host_alias_set=
ac_cv_env_host_alias_value=
ac_cv_env_target_alias_set=
ac_cv_env_target_alias_value=
ac_cv_func_getpagesize=yes
ac_cv_func_memcpy=yes
ac_cv_func_memmove=yes
ac_cv_func_mmap_fixed_mapped=yes
ac_cv_have_decl_munmap=yes
ac_cv_header_dlfcn_h=yes
ac_cv_header_fcntl_h=yes
ac_cv_header_inttypes_h=yes
ac_cv_header_memory_h=yes
ac_cv_header_stdc=yes
ac_cv_header_stdint_h=yes
ac_cv_header_stdlib_h=yes
ac_cv_header_string_h=yes
ac_cv_header_strings_h=yes
ac_cv_header_sys_param_h=yes
ac_cv_header_sys_stat_h=yes
ac_cv_header_sys_types_h=yes
ac_cv_header_unistd_h=yes
ac_cv_header_zlib_h=yes
ac_cv_host=x86_64-unknown-linux-gnu
ac_cv_lib_z_gzsetparams=yes
ac_cv_objext=o
ac_cv_path_EGREP='/bin/grep -E'
ac_cv_path_FGREP='/bin/grep -F'
ac_cv_path_GREP=/bin/grep
ac_cv_path_SED=/bin/sed
ac_cv_path_install='/usr/bin/install -c'
ac_cv_prog_CPP='/exo/cm/env_1.9_mnt/core/bin/gcc -E'
ac_cv_prog_RMDIR=rmdir
ac_cv_prog_RMF='rm -f'
ac_cv_prog_ac_ct_AR=ar
ac_cv_prog_ac_ct_CC=/exo/cm/env_1.9_mnt/core/bin/gcc
ac_cv_prog_ac_ct_OBJDUMP=objdump
ac_cv_prog_ac_ct_RANLIB=ranlib
ac_cv_prog_ac_ct_STRIP=strip
ac_cv_prog_cc_c89=
ac_cv_prog_cc_g=yes
ac_cv_sizeof_int=4
ac_cv_sizeof_long=8
lt_cv_deplibs_check_method=pass_all
lt_cv_file_magic_cmd='$MAGIC_CMD'
lt_cv_file_magic_test_file=
lt_cv_ld_reload_flag=-r
lt_cv_nm_interface='BSD nm'
lt_cv_objdir=.libs
lt_cv_path_LD=/exo/cm/env_1.9_mnt/core/x86_64-unknown-linux-gnu/bin/ld
lt_cv_path_NM='/exo/cm/env_1.9_mnt/misc/bin/nm -B'
lt_cv_prog_compiler_c_o=yes
lt_cv_prog_compiler_pic_works=yes
lt_cv_prog_compiler_rtti_exceptions=no
lt_cv_prog_compiler_static_works=yes
lt_cv_prog_gnu_ld=yes
lt_cv_sys_global_symbol_pipe='sed -n -e '\''s/^.*[	 ]\([ABCDGIRSTW][ABCDGIRSTW]*\)[	 ][	 ]*\([_A-Za-z][_A-Za-z0-9]*\)$/\1 \2 \2/p'\'''
lt_cv_sys_global_symbol_to_c_name_address='sed -n -e '\''s/^: \([^ ]*\) $/  {\"\1\", (void *) 0},/p'\'' -e '\''s/^[ABCDGIRSTW]* \([^ ]*\) \([^ ]*\)$/  {"\2", (void *) \&\2},/p'\'''
lt_cv_sys_global_symbol_to_c_name_address_lib_prefix='sed -n -e '\''s/^: \([^ ]*\) $/  {\"\1\", (void *) 0},/p'\'' -e '\''s/^[ABCDGIRSTW]* \([^ ]*\) \(lib[^ ]*\)$/  {"\2", (void *) \&\2},/p'\'' -e '\''s/^[ABCDGIRSTW]* \([^ ]*\) \([^ ]*\)$/  {"lib\2", (void *) \&\2},/p'\'''
lt_cv_sys_global_symbol_to_cdecl='sed -n -e '\''s/^T .* \(.*\)$/extern int \1();/p'\'' -e '\''s/^[ABCDGIRSTW]* .* \(.*\)$/extern char \1;/p'\'''
lt_cv_sys_max_cmd_len=98304

## ----------------- ##
## Output variables. ##
## ----------------- ##[]

AR='ar'
AS='as'
CC='/exo/cm/env_1.9_mnt/core/bin/gcc'
CC_BUILD='/exo/cm/env_1.9_mnt/core/bin/gcc'
CFLAGS='-g -O2 -DFT_CONFIG_OPTION_SYSTEM_ZLIB'
CPP='/exo/cm/env_1.9_mnt/core/bin/gcc -E'
CPPFLAGS=''
DEFS='-DHAVE_CONFIG_H'
DLLTOOL='dlltool'
DSYMUTIL=''
DUMPBIN=''
ECHO_C=''
ECHO_N='-n'
ECHO_T=''
EGREP='/bin/grep -E'
EXEEXT=''
EXEEXT_BUILD=''
FGREP='/bin/grep -F'
FT2_EXTRA_LIBS=''
FTSYS_SRC='$(BUILD_DIR)/ftsystem.c'
GREP='/bin/grep'
INSTALL_DATA='${INSTALL} -m 644'
INSTALL_PROGRAM='${INSTALL}'
INSTALL_SCRIPT='${INSTALL}'
LD='/exo/cm/env_1.9_mnt/core/x86_64-unknown-linux-gnu/bin/ld -m elf_x86_64'
LDFLAGS=' -lz'
LIBOBJS=''
LIBS=''
LIBTOOL='$(SHELL) $(top_builddir)/libtool'
LIBZ='-lz'
LIPO=''
LN_S='ln -s'
LTLIBOBJS=''
NM='/exo/cm/env_1.9_mnt/misc/bin/nm -B'
NMEDIT=''
OBJDUMP='objdump'
OBJEXT='o'
OTOOL64=''
OTOOL=''
PACKAGE_BUGREPORT='freetype@nongnu.org'
PACKAGE_NAME='FreeType'
PACKAGE_STRING='FreeType 2.4.4'
PACKAGE_TARNAME='freetype'
PACKAGE_URL=''
PACKAGE_VERSION='2.4.4'
PATH_SEPARATOR=':'
RANLIB='ranlib'
RMDIR='rmdir'
RMF='rm -f'
SED='/bin/sed'
SHELL='/bin/sh'
STRIP='strip'
SYSTEM_ZLIB='yes'
XX_ANSIFLAGS='-pedantic -ansi'
XX_CFLAGS='-Wall'
ac_ct_CC='/exo/cm/env_1.9_mnt/core/bin/gcc'
ac_ct_DUMPBIN=''
bindir='${exec_prefix}/bin'
build='x86_64-unknown-linux-gnu'
build_alias=''
build_cpu='x86_64'
build_libtool_libs=''
build_os='linux-gnu'
build_vendor='unknown'
datadir='${datarootdir}'
datarootdir='${prefix}/share'
docdir='${datarootdir}/doc/${PACKAGE_TARNAME}'
dvidir='${docdir}'
exec_prefix='${prefix}'
ft_version='12.2.6'
ftmac_c=''
hardcode_libdir_flag_spec='${wl}-rpath ${wl}$libdir'
host='x86_64-unknown-linux-gnu'
host_alias=''
host_cpu='x86_64'
host_os='linux-gnu'
host_vendor='unknown'
htmldir='${docdir}'
includedir='${prefix}/include'
infodir='${datarootdir}/info'
libdir='${exec_prefix}/lib'
libexecdir='${exec_prefix}/libexec'
localedir='${datarootdir}/locale'
localstatedir='${prefix}/var'
lt_ECHO='echo'
mandir='${datarootdir}/man'
oldincludedir='/usr/include'
pdfdir='${docdir}'
prefix='/exo/cm/ws/jcg/montage/lib/src/freetype-2.4.4/../../freetype'
program_transform_name='s,x,x,'
psdir='${docdir}'
sbindir='${exec_prefix}/sbin'
sharedstatedir='${prefix}/com'
sysconfdir='${prefix}/etc'
target_alias=''
version_info='12:2:6'
wl='-Wl,'

## ----------- ##
## confdefs.h. ##
## ----------- ##[]

/* confdefs.h */
#define PACKAGE_NAME "FreeType"
#define PACKAGE_TARNAME "freetype"
#define PACKAGE_VERSION "2.4.4"
#define PACKAGE_STRING "FreeType 2.4.4"
#define PACKAGE_BUGREPORT "freetype@nongnu.org"
#define PACKAGE_URL ""
#define STDC_HEADERS 1
#define HAVE_SYS_TYPES_H 1
#define HAVE_SYS_STAT_H 1
#define HAVE_STDLIB_H 1
#define HAVE_STRING_H 1
#define HAVE_MEMORY_H 1
#define HAVE_STRINGS_H 1
#define HAVE_INTTYPES_H 1
#define HAVE_STDINT_H 1
#define HAVE_UNISTD_H 1
#define HAVE_FCNTL_H 1
#define HAVE_UNISTD_H 1
#define SIZEOF_INT 4
#define SIZEOF_LONG 8
#define HAVE_STDLIB_H 1
#define HAVE_UNISTD_H 1
#define HAVE_SYS_PARAM_H 1
#define HAVE_GETPAGESIZE 1
#define HAVE_MMAP 1
#define HAVE_DECL_MUNMAP 1
#define MUNMAP_USES_VOIDP /**/
#define HAVE_MEMCPY 1
#define HAVE_MEMMOVE 1
#define HAVE_DLFCN_H 1
#define LT_OBJDIR ".libs/"

configure: exit 0
