This file contains any messages produced by compilers while
running configure, to aid debugging if configure makes a mistake.

It was created by Pubcookie configure 3.3.1, which was
generated by GNU Autoconf 2.57.  Invocation command line was

  $ ./configure 

## --------- ##
## Platform. ##
## --------- ##

hostname = nvoapp1.ncsa.uiuc.edu
uname -m = i686
uname -r = 2.6.16-1.2122_FC5
uname -s = Linux
uname -v = #1 Sun May 21 15:01:01 EDT 2006

/usr/bin/uname -p = unknown
/bin/uname -X     = unknown

/bin/arch              = i686
/usr/bin/arch -k       = unknown
/usr/convex/getsysinfo = unknown
hostinfo               = unknown
/bin/machine           = unknown
/usr/bin/oslevel       = unknown
/bin/universe          = unknown

PATH: /usr/kerberos/sbin
PATH: /usr/java/current/bin
PATH: /usr/local/globus/bin
PATH: /usr/local/globus/sbin
PATH: .
PATH: /sbin
PATH: /usr/sbin
PATH: /usr/local/sbin
PATH: .
PATH: /sbin
PATH: /usr/sbin
PATH: /usr/local/sbin
PATH: /usr/kerberos/bin
PATH: /usr/java/current/bin
PATH: /usr/local/bin
PATH: /bin
PATH: /usr/bin
PATH: .
PATH: /home/bbaker/bin


## ----------- ##
## Core tests. ##
## ----------- ##

configure:1358: Configuring for Pubcookie 3.3.1
configure:1367: checking if I should build the apache module
configure:1374: result: yes
configure:1400: checking if I should build the login cgi
configure:1416: result: no
configure:1480: checking for gcc
configure:1496: found /usr/bin/gcc
configure:1506: result: gcc
configure:1750: checking for C compiler version
configure:1753: gcc --version </dev/null >&5
gcc (GCC) 4.1.1 20060525 (Red Hat 4.1.1-1)
Copyright (C) 2006 Free Software Foundation, Inc.
This is free software; see the source for copying conditions.  There is NO
warranty; not even for MERCHANTABILITY or FITNESS FOR A PARTICULAR PURPOSE.

configure:1756: $? = 0
configure:1758: gcc -v </dev/null >&5
Using built-in specs.
Target: i386-redhat-linux
Configured with: ../configure --prefix=/usr --mandir=/usr/share/man --infodir=/usr/share/info --enable-shared --enable-threads=posix --enable-checking=release --with-system-zlib --enable-__cxa_atexit --disable-libunwind-exceptions --enable-libgcj-multifile --enable-languages=c,c++,objc,obj-c++,java,fortran,ada --enable-java-awt=gtk --disable-dssi --with-java-home=/usr/lib/jvm/java-1.4.2-gcj-1.4.2.0/jre --with-cpu=generic --host=i386-redhat-linux
Thread model: posix
gcc version 4.1.1 20060525 (Red Hat 4.1.1-1)
configure:1761: $? = 0
configure:1763: gcc -V </dev/null >&5
gcc: '-V' option must have argument
configure:1766: $? = 1
configure:1790: checking for C compiler default output
configure:1793: gcc    conftest.c  >&5
configure:1796: $? = 0
configure:1842: result: a.out
configure:1847: checking whether the C compiler works
configure:1853: ./a.out
configure:1856: $? = 0
configure:1873: result: yes
configure:1880: checking whether we are cross compiling
configure:1882: result: no
configure:1885: checking for suffix of executables
configure:1887: gcc -o conftest    conftest.c  >&5
configure:1890: $? = 0
configure:1915: result: 
configure:1921: checking for suffix of object files
configure:1943: gcc -c   conftest.c >&5
configure:1946: $? = 0
configure:1968: result: o
configure:1972: checking whether we are using the GNU C compiler
configure:1997: gcc -c   conftest.c >&5
configure:2000: $? = 0
configure:2003: test -s conftest.o
configure:2006: $? = 0
configure:2019: result: yes
configure:2025: checking whether gcc accepts -g
configure:2047: gcc -c -g  conftest.c >&5
configure:2050: $? = 0
configure:2053: test -s conftest.o
configure:2056: $? = 0
configure:2067: result: yes
configure:2084: checking for gcc option to accept ANSI C
configure:2145: gcc  -c -g -O2  conftest.c >&5
configure:2148: $? = 0
configure:2151: test -s conftest.o
configure:2154: $? = 0
configure:2172: result: none needed
configure:2190: gcc -c -g -O2  conftest.c >&5
conftest.c:2: error: expected '=', ',', ';', 'asm' or '__attribute__' before 'me'
configure:2193: $? = 1
configure: failed program was:
| #ifndef __cplusplus
|   choke me
| #endif
configure:2334: checking build system type
configure:2352: result: i686-pc-linux-gnu
configure:2360: checking host system type
configure:2374: result: i686-pc-linux-gnu
configure:2388: checking how to run the C preprocessor
configure:2424: gcc -E  conftest.c
configure:2430: $? = 0
configure:2462: gcc -E  conftest.c
configure:2461:28: error: ac_nonexistent.h: No such file or directory
configure:2468: $? = 1
configure: failed program was:
| #line 2453 "configure"
| /* confdefs.h.  */
| 
| #define PACKAGE_NAME "Pubcookie"
| #define PACKAGE_TARNAME "pubcookie"
| #define PACKAGE_VERSION "3.3.1"
| #define PACKAGE_STRING "Pubcookie 3.3.1"
| #define PACKAGE_BUGREPORT "pubcookie-dev@u.washington.edu"
| /* end confdefs.h.  */
| #include <ac_nonexistent.h>
configure:2506: result: gcc -E
configure:2531: gcc -E  conftest.c
configure:2537: $? = 0
configure:2569: gcc -E  conftest.c
configure:2568:28: error: ac_nonexistent.h: No such file or directory
configure:2575: $? = 1
configure: failed program was:
| #line 2560 "configure"
| /* confdefs.h.  */
| 
| #define PACKAGE_NAME "Pubcookie"
| #define PACKAGE_TARNAME "pubcookie"
| #define PACKAGE_VERSION "3.3.1"
| #define PACKAGE_STRING "Pubcookie 3.3.1"
| #define PACKAGE_BUGREPORT "pubcookie-dev@u.washington.edu"
| /* end confdefs.h.  */
| #include <ac_nonexistent.h>
configure:2618: checking for egrep
configure:2628: result: grep -E
configure:2634: checking for AIX
configure:2657: result: no
configure:2773: checking for a BSD-compatible install
configure:2827: result: /usr/bin/install -c
configure:2838: checking whether make sets $(MAKE)
configure:2858: result: yes
configure:2871: checking for gawk
configure:2887: found /bin/gawk
configure:2897: result: gawk
configure:2911: checking for ar
configure:2929: found /usr/bin/ar
configure:2942: result: /usr/bin/ar
configure:2951: checking for rm
configure:2969: found /bin/rm
configure:2982: result: /bin/rm
configure:2991: checking for cp
configure:3009: found /bin/cp
configure:3022: result: /bin/cp
configure:3031: checking for sed
configure:3049: found /bin/sed
configure:3062: result: /bin/sed
configure:3071: checking for tar
configure:3089: found /bin/tar
configure:3102: result: /bin/tar
configure:3111: checking for gzip
configure:3129: found /bin/gzip
configure:3142: result: /bin/gzip
configure:3151: checking for mkdir
configure:3169: found /bin/mkdir
configure:3182: result: /bin/mkdir
configure:3191: checking for mv
configure:3209: found /bin/mv
configure:3222: result: /bin/mv
configure:3231: checking for chmod
configure:3249: found /bin/chmod
configure:3262: result: /bin/chmod
configure:3271: checking for test
configure:3289: found /usr/bin/test
configure:3302: result: /usr/bin/test
configure:3311: checking for make
configure:3329: found /usr/bin/make
configure:3341: result: /usr/bin/make
configure:3350: checking for gmake
configure:3368: found /usr/bin/gmake
configure:3380: result: /usr/bin/gmake
configure:3389: checking for pwd
configure:3419: result: /home/globus/install/pubcookie/pubcookie-3.3.1-bark
configure:3428: checking for ls
configure:3446: found /bin/ls
configure:3458: result: /bin/ls
configure:3467: checking for ranlib
configure:3485: found /usr/bin/ranlib
configure:3497: result: /usr/bin/ranlib
configure:3508: checking if /usr/bin/make is GNU make 
configure:3516: result: yes
configure:3529: checking for apache src
configure:3575: result: no
configure:3725: checking for apxs
configure:3743: found /usr/sbin/apxs
configure:3755: result: /usr/sbin/apxs
configure:3767: checking if /usr/sbin/apxs works 
configure:3781: result: yes
configure:3786: checking Apache version
configure:3906: result: 2
configure:3932: checking for socket in -lsocket
configure:3963: gcc -o conftest -g -O2   -L/usr/lib/gcc/i386-redhat-linux/4.1.1 conftest.c -lsocket   -lgcc >&5
/usr/bin/ld: cannot find -lsocket
collect2: ld returned 1 exit status
configure:3966: $? = 1
configure: failed program was:
| #line 3939 "configure"
| /* confdefs.h.  */
| 
| #define PACKAGE_NAME "Pubcookie"
| #define PACKAGE_TARNAME "pubcookie"
| #define PACKAGE_VERSION "3.3.1"
| #define PACKAGE_STRING "Pubcookie 3.3.1"
| #define PACKAGE_BUGREPORT "pubcookie-dev@u.washington.edu"
| /* end confdefs.h.  */
| 
| /* Override any gcc2 internal prototype to avoid an error.  */
| #ifdef __cplusplus
| extern "C"
| #endif
| /* We use char because int might match the return type of a gcc2
|    builtin and then its argument prototype would still apply.  */
| char socket ();
| int
| main ()
| {
| socket ();
|   ;
|   return 0;
| }
configure:3984: result: no
configure:3996: checking for gethostent in -lnsl
configure:4027: gcc -o conftest -g -O2   -L/usr/lib/gcc/i386-redhat-linux/4.1.1 conftest.c -lnsl   -lgcc >&5
configure:4030: $? = 0
configure:4033: test -s conftest
configure:4036: $? = 0
configure:4048: result: yes
configure:4060: checking for dlopen in -ldl
configure:4091: gcc -o conftest -g -O2   -L/usr/lib/gcc/i386-redhat-linux/4.1.1 conftest.c -ldl  -lnsl  -lgcc >&5
configure:4094: $? = 0
configure:4097: test -s conftest
configure:4100: $? = 0
configure:4112: result: yes
configure:4125: checking for ANSI C header files
configure:4151: gcc -c -g -O2  conftest.c >&5
configure:4154: $? = 0
configure:4157: test -s conftest.o
configure:4160: $? = 0
configure:4252: gcc -o conftest -g -O2   -L/usr/lib/gcc/i386-redhat-linux/4.1.1 conftest.c -ldl -lnsl  -lgcc >&5
configure: In function 'main':
configure:4247: warning: incompatible implicit declaration of built-in function 'exit'
configure:4255: $? = 0
configure:4257: ./conftest
configure:4260: $? = 0
configure:4275: result: yes
configure:4285: checking for sys/wait.h that is POSIX.1 compatible
configure:4317: gcc -c -g -O2  conftest.c >&5
configure:4320: $? = 0
configure:4323: test -s conftest.o
configure:4326: $? = 0
configure:4337: result: yes
configure:4361: checking for sys/types.h
configure:4378: gcc -c -g -O2  conftest.c >&5
configure:4381: $? = 0
configure:4384: test -s conftest.o
configure:4387: $? = 0
configure:4398: result: yes
configure:4361: checking for sys/stat.h
configure:4378: gcc -c -g -O2  conftest.c >&5
configure:4381: $? = 0
configure:4384: test -s conftest.o
configure:4387: $? = 0
configure:4398: result: yes
configure:4361: checking for stdlib.h
configure:4378: gcc -c -g -O2  conftest.c >&5
configure:4381: $? = 0
configure:4384: test -s conftest.o
configure:4387: $? = 0
configure:4398: result: yes
configure:4361: checking for string.h
configure:4378: gcc -c -g -O2  conftest.c >&5
configure:4381: $? = 0
configure:4384: test -s conftest.o
configure:4387: $? = 0
configure:4398: result: yes
configure:4361: checking for memory.h
configure:4378: gcc -c -g -O2  conftest.c >&5
configure:4381: $? = 0
configure:4384: test -s conftest.o
configure:4387: $? = 0
configure:4398: result: yes
configure:4361: checking for strings.h
configure:4378: gcc -c -g -O2  conftest.c >&5
configure:4381: $? = 0
configure:4384: test -s conftest.o
configure:4387: $? = 0
configure:4398: result: yes
configure:4361: checking for inttypes.h
configure:4378: gcc -c -g -O2  conftest.c >&5
configure:4381: $? = 0
configure:4384: test -s conftest.o
configure:4387: $? = 0
configure:4398: result: yes
configure:4361: checking for stdint.h
configure:4378: gcc -c -g -O2  conftest.c >&5
configure:4381: $? = 0
configure:4384: test -s conftest.o
configure:4387: $? = 0
configure:4398: result: yes
configure:4361: checking for unistd.h
configure:4378: gcc -c -g -O2  conftest.c >&5
configure:4381: $? = 0
configure:4384: test -s conftest.o
configure:4387: $? = 0
configure:4398: result: yes
configure:4459: checking arpa/inet.h usability
configure:4472: gcc -c -g -O2  conftest.c >&5
configure:4475: $? = 0
configure:4478: test -s conftest.o
configure:4481: $? = 0
configure:4491: result: yes
configure:4495: checking arpa/inet.h presence
configure:4506: gcc -E  conftest.c
configure:4512: $? = 0
configure:4531: result: yes
configure:4567: checking for arpa/inet.h
configure:4574: result: yes
configure:4459: checking fcntl.h usability
configure:4472: gcc -c -g -O2  conftest.c >&5
configure:4475: $? = 0
configure:4478: test -s conftest.o
configure:4481: $? = 0
configure:4491: result: yes
configure:4495: checking fcntl.h presence
configure:4506: gcc -E  conftest.c
configure:4512: $? = 0
configure:4531: result: yes
configure:4567: checking for fcntl.h
configure:4574: result: yes
configure:4459: checking netdb.h usability
configure:4472: gcc -c -g -O2  conftest.c >&5
configure:4475: $? = 0
configure:4478: test -s conftest.o
configure:4481: $? = 0
configure:4491: result: yes
configure:4495: checking netdb.h presence
configure:4506: gcc -E  conftest.c
configure:4512: $? = 0
configure:4531: result: yes
configure:4567: checking for netdb.h
configure:4574: result: yes
configure:4459: checking netinet/in.h usability
configure:4472: gcc -c -g -O2  conftest.c >&5
configure:4475: $? = 0
configure:4478: test -s conftest.o
configure:4481: $? = 0
configure:4491: result: yes
configure:4495: checking netinet/in.h presence
configure:4506: gcc -E  conftest.c
configure:4512: $? = 0
configure:4531: result: yes
configure:4567: checking for netinet/in.h
configure:4574: result: yes
configure:4459: checking shadow.h usability
configure:4472: gcc -c -g -O2  conftest.c >&5
configure:4475: $? = 0
configure:4478: test -s conftest.o
configure:4481: $? = 0
configure:4491: result: yes
configure:4495: checking shadow.h presence
configure:4506: gcc -E  conftest.c
configure:4512: $? = 0
configure:4531: result: yes
configure:4567: checking for shadow.h
configure:4574: result: yes
configure:4450: checking for stdlib.h
configure:4455: result: yes
configure:4450: checking for string.h
configure:4455: result: yes
configure:4450: checking for strings.h
configure:4455: result: yes
configure:4459: checking sys/param.h usability
configure:4472: gcc -c -g -O2  conftest.c >&5
configure:4475: $? = 0
configure:4478: test -s conftest.o
configure:4481: $? = 0
configure:4491: result: yes
configure:4495: checking sys/param.h presence
configure:4506: gcc -E  conftest.c
configure:4512: $? = 0
configure:4531: result: yes
configure:4567: checking for sys/param.h
configure:4574: result: yes
configure:4459: checking sys/socket.h usability
configure:4472: gcc -c -g -O2  conftest.c >&5
configure:4475: $? = 0
configure:4478: test -s conftest.o
configure:4481: $? = 0
configure:4491: result: yes
configure:4495: checking sys/socket.h presence
configure:4506: gcc -E  conftest.c
configure:4512: $? = 0
configure:4531: result: yes
configure:4567: checking for sys/socket.h
configure:4574: result: yes
configure:4459: checking sys/time.h usability
configure:4472: gcc -c -g -O2  conftest.c >&5
configure:4475: $? = 0
configure:4478: test -s conftest.o
configure:4481: $? = 0
configure:4491: result: yes
configure:4495: checking sys/time.h presence
configure:4506: gcc -E  conftest.c
configure:4512: $? = 0
configure:4531: result: yes
configure:4567: checking for sys/time.h
configure:4574: result: yes
configure:4450: checking for unistd.h
configure:4455: result: yes
configure:4459: checking getopt.h usability
configure:4472: gcc -c -g -O2  conftest.c >&5
configure:4475: $? = 0
configure:4478: test -s conftest.o
configure:4481: $? = 0
configure:4491: result: yes
configure:4495: checking getopt.h presence
configure:4506: gcc -E  conftest.c
configure:4512: $? = 0
configure:4531: result: yes
configure:4567: checking for getopt.h
configure:4574: result: yes
configure:4459: checking ctype.h usability
configure:4472: gcc -c -g -O2  conftest.c >&5
configure:4475: $? = 0
configure:4478: test -s conftest.o
configure:4481: $? = 0
configure:4491: result: yes
configure:4495: checking ctype.h presence
configure:4506: gcc -E  conftest.c
configure:4512: $? = 0
configure:4531: result: yes
configure:4567: checking for ctype.h
configure:4574: result: yes
configure:4459: checking stdarg.h usability
configure:4472: gcc -c -g -O2  conftest.c >&5
configure:4475: $? = 0
configure:4478: test -s conftest.o
configure:4481: $? = 0
configure:4491: result: yes
configure:4495: checking stdarg.h presence
configure:4506: gcc -E  conftest.c
configure:4512: $? = 0
configure:4531: result: yes
configure:4567: checking for stdarg.h
configure:4574: result: yes
configure:4459: checking stdio.h usability
configure:4472: gcc -c -g -O2  conftest.c >&5
configure:4475: $? = 0
configure:4478: test -s conftest.o
configure:4481: $? = 0
configure:4491: result: yes
configure:4495: checking stdio.h presence
configure:4506: gcc -E  conftest.c
configure:4512: $? = 0
configure:4531: result: yes
configure:4567: checking for stdio.h
configure:4574: result: yes
configure:4459: checking varargs.h usability
configure:4472: gcc -c -g -O2  conftest.c >&5
In file included from configure:4532:
/usr/lib/gcc/i386-redhat-linux/4.1.1/include/varargs.h:4:2: error: #error "GCC no longer implements <varargs.h>."
/usr/lib/gcc/i386-redhat-linux/4.1.1/include/varargs.h:5:2: error: #error "Revise your code to use <stdarg.h>."
configure:4475: $? = 1
configure: failed program was:
| #line 4461 "configure"
| /* confdefs.h.  */
| 
| #define PACKAGE_NAME "Pubcookie"
| #define PACKAGE_TARNAME "pubcookie"
| #define PACKAGE_VERSION "3.3.1"
| #define PACKAGE_STRING "Pubcookie 3.3.1"
| #define PACKAGE_BUGREPORT "pubcookie-dev@u.washington.edu"
| #define HAVE_LIBNSL 1
| #define HAVE_LIBDL 1
| #define STDC_HEADERS 1
| #define HAVE_SYS_WAIT_H 1
| #define HAVE_SYS_TYPES_H 1
| #define HAVE_SYS_STAT_H 1
| #define HAVE_STDLIB_H 1
| #define HAVE_STRING_H 1
| #define HAVE_MEMORY_H 1
| #define HAVE_STRINGS_H 1
| #define HAVE_INTTYPES_H 1
| #define HAVE_STDINT_H 1
| #define HAVE_UNISTD_H 1
| #define HAVE_ARPA_INET_H 1
| #define HAVE_FCNTL_H 1
| #define HAVE_NETDB_H 1
| #define HAVE_NETINET_IN_H 1
| #define HAVE_SHADOW_H 1
| #define HAVE_STDLIB_H 1
| #define HAVE_STRING_H 1
| #define HAVE_STRINGS_H 1
| #define HAVE_SYS_PARAM_H 1
| #define HAVE_SYS_SOCKET_H 1
| #define HAVE_SYS_TIME_H 1
| #define HAVE_UNISTD_H 1
| #define HAVE_GETOPT_H 1
| #define HAVE_CTYPE_H 1
| #define HAVE_STDARG_H 1
| #define HAVE_STDIO_H 1
| /* end confdefs.h.  */
| #include <stdio.h>
| #if HAVE_SYS_TYPES_H
| # include <sys/types.h>
| #endif
| #if HAVE_SYS_STAT_H
| # include <sys/stat.h>
| #endif
| #if STDC_HEADERS
| # include <stdlib.h>
| # include <stddef.h>
| #else
| # if HAVE_STDLIB_H
| #  include <stdlib.h>
| # endif
| #endif
| #if HAVE_STRING_H
| # if !STDC_HEADERS && HAVE_MEMORY_H
| #  include <memory.h>
| # endif
| # include <string.h>
| #endif
| #if HAVE_STRINGS_H
| # include <strings.h>
| #endif
| #if HAVE_INTTYPES_H
| # include <inttypes.h>
| #else
| # if HAVE_STDINT_H
| #  include <stdint.h>
| # endif
| #endif
| #if HAVE_UNISTD_H
| # include <unistd.h>
| #endif
| #include <varargs.h>
configure:4491: result: no
configure:4495: checking varargs.h presence
configure:4506: gcc -E  conftest.c
In file included from configure:4534:
/usr/lib/gcc/i386-redhat-linux/4.1.1/include/varargs.h:4:2: error: #error "GCC no longer implements <varargs.h>."
/usr/lib/gcc/i386-redhat-linux/4.1.1/include/varargs.h:5:2: error: #error "Revise your code to use <stdarg.h>."
configure:4512: $? = 1
configure: failed program was:
| #line 4497 "configure"
| /* confdefs.h.  */
| 
| #define PACKAGE_NAME "Pubcookie"
| #define PACKAGE_TARNAME "pubcookie"
| #define PACKAGE_VERSION "3.3.1"
| #define PACKAGE_STRING "Pubcookie 3.3.1"
| #define PACKAGE_BUGREPORT "pubcookie-dev@u.washington.edu"
| #define HAVE_LIBNSL 1
| #define HAVE_LIBDL 1
| #define STDC_HEADERS 1
| #define HAVE_SYS_WAIT_H 1
| #define HAVE_SYS_TYPES_H 1
| #define HAVE_SYS_STAT_H 1
| #define HAVE_STDLIB_H 1
| #define HAVE_STRING_H 1
| #define HAVE_MEMORY_H 1
| #define HAVE_STRINGS_H 1
| #define HAVE_INTTYPES_H 1
| #define HAVE_STDINT_H 1
| #define HAVE_UNISTD_H 1
| #define HAVE_ARPA_INET_H 1
| #define HAVE_FCNTL_H 1
| #define HAVE_NETDB_H 1
| #define HAVE_NETINET_IN_H 1
| #define HAVE_SHADOW_H 1
| #define HAVE_STDLIB_H 1
| #define HAVE_STRING_H 1
| #define HAVE_STRINGS_H 1
| #define HAVE_SYS_PARAM_H 1
| #define HAVE_SYS_SOCKET_H 1
| #define HAVE_SYS_TIME_H 1
| #define HAVE_UNISTD_H 1
| #define HAVE_GETOPT_H 1
| #define HAVE_CTYPE_H 1
| #define HAVE_STDARG_H 1
| #define HAVE_STDIO_H 1
| /* end confdefs.h.  */
| #include <varargs.h>
configure:4531: result: no
configure:4567: checking for varargs.h
configure:4574: result: no
configure:4459: checking sys/utsname.h usability
configure:4472: gcc -c -g -O2  conftest.c >&5
configure:4475: $? = 0
configure:4478: test -s conftest.o
configure:4481: $? = 0
configure:4491: result: yes
configure:4495: checking sys/utsname.h presence
configure:4506: gcc -E  conftest.c
configure:4512: $? = 0
configure:4531: result: yes
configure:4567: checking for sys/utsname.h
configure:4574: result: yes
configure:4459: checking time.h usability
configure:4472: gcc -c -g -O2  conftest.c >&5
configure:4475: $? = 0
configure:4478: test -s conftest.o
configure:4481: $? = 0
configure:4491: result: yes
configure:4495: checking time.h presence
configure:4506: gcc -E  conftest.c
configure:4512: $? = 0
configure:4531: result: yes
configure:4567: checking for time.h
configure:4574: result: yes
configure:4459: checking pwd.h usability
configure:4472: gcc -c -g -O2  conftest.c >&5
configure:4475: $? = 0
configure:4478: test -s conftest.o
configure:4481: $? = 0
configure:4491: result: yes
configure:4495: checking pwd.h presence
configure:4506: gcc -E  conftest.c
configure:4512: $? = 0
configure:4531: result: yes
configure:4567: checking for pwd.h
configure:4574: result: yes
configure:4450: checking for sys/types.h
configure:4455: result: yes
configure:4459: checking assert.h usability
configure:4472: gcc -c -g -O2  conftest.c >&5
configure:4475: $? = 0
configure:4478: test -s conftest.o
configure:4481: $? = 0
configure:4491: result: yes
configure:4495: checking assert.h presence
configure:4506: gcc -E  conftest.c
configure:4512: $? = 0
configure:4531: result: yes
configure:4567: checking for assert.h
configure:4574: result: yes
configure:4450: checking for sys/stat.h
configure:4455: result: yes
configure:4459: checking sysexits.h usability
configure:4472: gcc -c -g -O2  conftest.c >&5
configure:4475: $? = 0
configure:4478: test -s conftest.o
configure:4481: $? = 0
configure:4491: result: yes
configure:4495: checking sysexits.h presence
configure:4506: gcc -E  conftest.c
configure:4512: $? = 0
configure:4531: result: yes
configure:4567: checking for sysexits.h
configure:4574: result: yes
configure:4459: checking mango/messages.h usability
configure:4472: gcc -c -g -O2  conftest.c >&5
configure:4539:28: error: mango/messages.h: No such file or directory
configure:4475: $? = 1
configure: failed program was:
| #line 4461 "configure"
| /* confdefs.h.  */
| 
| #define PACKAGE_NAME "Pubcookie"
| #define PACKAGE_TARNAME "pubcookie"
| #define PACKAGE_VERSION "3.3.1"
| #define PACKAGE_STRING "Pubcookie 3.3.1"
| #define PACKAGE_BUGREPORT "pubcookie-dev@u.washington.edu"
| #define HAVE_LIBNSL 1
| #define HAVE_LIBDL 1
| #define STDC_HEADERS 1
| #define HAVE_SYS_WAIT_H 1
| #define HAVE_SYS_TYPES_H 1
| #define HAVE_SYS_STAT_H 1
| #define HAVE_STDLIB_H 1
| #define HAVE_STRING_H 1
| #define HAVE_MEMORY_H 1
| #define HAVE_STRINGS_H 1
| #define HAVE_INTTYPES_H 1
| #define HAVE_STDINT_H 1
| #define HAVE_UNISTD_H 1
| #define HAVE_ARPA_INET_H 1
| #define HAVE_FCNTL_H 1
| #define HAVE_NETDB_H 1
| #define HAVE_NETINET_IN_H 1
| #define HAVE_SHADOW_H 1
| #define HAVE_STDLIB_H 1
| #define HAVE_STRING_H 1
| #define HAVE_STRINGS_H 1
| #define HAVE_SYS_PARAM_H 1
| #define HAVE_SYS_SOCKET_H 1
| #define HAVE_SYS_TIME_H 1
| #define HAVE_UNISTD_H 1
| #define HAVE_GETOPT_H 1
| #define HAVE_CTYPE_H 1
| #define HAVE_STDARG_H 1
| #define HAVE_STDIO_H 1
| #define HAVE_SYS_UTSNAME_H 1
| #define HAVE_TIME_H 1
| #define HAVE_PWD_H 1
| #define HAVE_SYS_TYPES_H 1
| #define HAVE_ASSERT_H 1
| #define HAVE_SYS_STAT_H 1
| #define HAVE_SYSEXITS_H 1
| /* end confdefs.h.  */
| #include <stdio.h>
| #if HAVE_SYS_TYPES_H
| # include <sys/types.h>
| #endif
| #if HAVE_SYS_STAT_H
| # include <sys/stat.h>
| #endif
| #if STDC_HEADERS
| # include <stdlib.h>
| # include <stddef.h>
| #else
| # if HAVE_STDLIB_H
| #  include <stdlib.h>
| # endif
| #endif
| #if HAVE_STRING_H
| # if !STDC_HEADERS && HAVE_MEMORY_H
| #  include <memory.h>
| # endif
| # include <string.h>
| #endif
| #if HAVE_STRINGS_H
| # include <strings.h>
| #endif
| #if HAVE_INTTYPES_H
| # include <inttypes.h>
| #else
| # if HAVE_STDINT_H
| #  include <stdint.h>
| # endif
| #endif
| #if HAVE_UNISTD_H
| # include <unistd.h>
| #endif
| #include <mango/messages.h>
configure:4491: result: no
configure:4495: checking mango/messages.h presence
configure:4506: gcc -E  conftest.c
configure:4541:28: error: mango/messages.h: No such file or directory
configure:4512: $? = 1
configure: failed program was:
| #line 4497 "configure"
| /* confdefs.h.  */
| 
| #define PACKAGE_NAME "Pubcookie"
| #define PACKAGE_TARNAME "pubcookie"
| #define PACKAGE_VERSION "3.3.1"
| #define PACKAGE_STRING "Pubcookie 3.3.1"
| #define PACKAGE_BUGREPORT "pubcookie-dev@u.washington.edu"
| #define HAVE_LIBNSL 1
| #define HAVE_LIBDL 1
| #define STDC_HEADERS 1
| #define HAVE_SYS_WAIT_H 1
| #define HAVE_SYS_TYPES_H 1
| #define HAVE_SYS_STAT_H 1
| #define HAVE_STDLIB_H 1
| #define HAVE_STRING_H 1
| #define HAVE_MEMORY_H 1
| #define HAVE_STRINGS_H 1
| #define HAVE_INTTYPES_H 1
| #define HAVE_STDINT_H 1
| #define HAVE_UNISTD_H 1
| #define HAVE_ARPA_INET_H 1
| #define HAVE_FCNTL_H 1
| #define HAVE_NETDB_H 1
| #define HAVE_NETINET_IN_H 1
| #define HAVE_SHADOW_H 1
| #define HAVE_STDLIB_H 1
| #define HAVE_STRING_H 1
| #define HAVE_STRINGS_H 1
| #define HAVE_SYS_PARAM_H 1
| #define HAVE_SYS_SOCKET_H 1
| #define HAVE_SYS_TIME_H 1
| #define HAVE_UNISTD_H 1
| #define HAVE_GETOPT_H 1
| #define HAVE_CTYPE_H 1
| #define HAVE_STDARG_H 1
| #define HAVE_STDIO_H 1
| #define HAVE_SYS_UTSNAME_H 1
| #define HAVE_TIME_H 1
| #define HAVE_PWD_H 1
| #define HAVE_SYS_TYPES_H 1
| #define HAVE_ASSERT_H 1
| #define HAVE_SYS_STAT_H 1
| #define HAVE_SYSEXITS_H 1
| /* end confdefs.h.  */
| #include <mango/messages.h>
configure:4531: result: no
configure:4567: checking for mango/messages.h
configure:4574: result: no
configure:4459: checking mango/mgoapi2.h usability
configure:4472: gcc -c -g -O2  conftest.c >&5
configure:4539:27: error: mango/mgoapi2.h: No such file or directory
configure:4475: $? = 1
configure: failed program was:
| #line 4461 "configure"
| /* confdefs.h.  */
| 
| #define PACKAGE_NAME "Pubcookie"
| #define PACKAGE_TARNAME "pubcookie"
| #define PACKAGE_VERSION "3.3.1"
| #define PACKAGE_STRING "Pubcookie 3.3.1"
| #define PACKAGE_BUGREPORT "pubcookie-dev@u.washington.edu"
| #define HAVE_LIBNSL 1
| #define HAVE_LIBDL 1
| #define STDC_HEADERS 1
| #define HAVE_SYS_WAIT_H 1
| #define HAVE_SYS_TYPES_H 1
| #define HAVE_SYS_STAT_H 1
| #define HAVE_STDLIB_H 1
| #define HAVE_STRING_H 1
| #define HAVE_MEMORY_H 1
| #define HAVE_STRINGS_H 1
| #define HAVE_INTTYPES_H 1
| #define HAVE_STDINT_H 1
| #define HAVE_UNISTD_H 1
| #define HAVE_ARPA_INET_H 1
| #define HAVE_FCNTL_H 1
| #define HAVE_NETDB_H 1
| #define HAVE_NETINET_IN_H 1
| #define HAVE_SHADOW_H 1
| #define HAVE_STDLIB_H 1
| #define HAVE_STRING_H 1
| #define HAVE_STRINGS_H 1
| #define HAVE_SYS_PARAM_H 1
| #define HAVE_SYS_SOCKET_H 1
| #define HAVE_SYS_TIME_H 1
| #define HAVE_UNISTD_H 1
| #define HAVE_GETOPT_H 1
| #define HAVE_CTYPE_H 1
| #define HAVE_STDARG_H 1
| #define HAVE_STDIO_H 1
| #define HAVE_SYS_UTSNAME_H 1
| #define HAVE_TIME_H 1
| #define HAVE_PWD_H 1
| #define HAVE_SYS_TYPES_H 1
| #define HAVE_ASSERT_H 1
| #define HAVE_SYS_STAT_H 1
| #define HAVE_SYSEXITS_H 1
| /* end confdefs.h.  */
| #include <stdio.h>
| #if HAVE_SYS_TYPES_H
| # include <sys/types.h>
| #endif
| #if HAVE_SYS_STAT_H
| # include <sys/stat.h>
| #endif
| #if STDC_HEADERS
| # include <stdlib.h>
| # include <stddef.h>
| #else
| # if HAVE_STDLIB_H
| #  include <stdlib.h>
| # endif
| #endif
| #if HAVE_STRING_H
| # if !STDC_HEADERS && HAVE_MEMORY_H
| #  include <memory.h>
| # endif
| # include <string.h>
| #endif
| #if HAVE_STRINGS_H
| # include <strings.h>
| #endif
| #if HAVE_INTTYPES_H
| # include <inttypes.h>
| #else
| # if HAVE_STDINT_H
| #  include <stdint.h>
| # endif
| #endif
| #if HAVE_UNISTD_H
| # include <unistd.h>
| #endif
| #include <mango/mgoapi2.h>
configure:4491: result: no
configure:4495: checking mango/mgoapi2.h presence
configure:4506: gcc -E  conftest.c
configure:4541:27: error: mango/mgoapi2.h: No such file or directory
configure:4512: $? = 1
configure: failed program was:
| #line 4497 "configure"
| /* confdefs.h.  */
| 
| #define PACKAGE_NAME "Pubcookie"
| #define PACKAGE_TARNAME "pubcookie"
| #define PACKAGE_VERSION "3.3.1"
| #define PACKAGE_STRING "Pubcookie 3.3.1"
| #define PACKAGE_BUGREPORT "pubcookie-dev@u.washington.edu"
| #define HAVE_LIBNSL 1
| #define HAVE_LIBDL 1
| #define STDC_HEADERS 1
| #define HAVE_SYS_WAIT_H 1
| #define HAVE_SYS_TYPES_H 1
| #define HAVE_SYS_STAT_H 1
| #define HAVE_STDLIB_H 1
| #define HAVE_STRING_H 1
| #define HAVE_MEMORY_H 1
| #define HAVE_STRINGS_H 1
| #define HAVE_INTTYPES_H 1
| #define HAVE_STDINT_H 1
| #define HAVE_UNISTD_H 1
| #define HAVE_ARPA_INET_H 1
| #define HAVE_FCNTL_H 1
| #define HAVE_NETDB_H 1
| #define HAVE_NETINET_IN_H 1
| #define HAVE_SHADOW_H 1
| #define HAVE_STDLIB_H 1
| #define HAVE_STRING_H 1
| #define HAVE_STRINGS_H 1
| #define HAVE_SYS_PARAM_H 1
| #define HAVE_SYS_SOCKET_H 1
| #define HAVE_SYS_TIME_H 1
| #define HAVE_UNISTD_H 1
| #define HAVE_GETOPT_H 1
| #define HAVE_CTYPE_H 1
| #define HAVE_STDARG_H 1
| #define HAVE_STDIO_H 1
| #define HAVE_SYS_UTSNAME_H 1
| #define HAVE_TIME_H 1
| #define HAVE_PWD_H 1
| #define HAVE_SYS_TYPES_H 1
| #define HAVE_ASSERT_H 1
| #define HAVE_SYS_STAT_H 1
| #define HAVE_SYSEXITS_H 1
| /* end confdefs.h.  */
| #include <mango/mgoapi2.h>
configure:4531: result: no
configure:4567: checking for mango/mgoapi2.h
configure:4574: result: no
configure:4459: checking mango/sidapi.h usability
configure:4472: gcc -c -g -O2  conftest.c >&5
configure:4539:26: error: mango/sidapi.h: No such file or directory
configure:4475: $? = 1
configure: failed program was:
| #line 4461 "configure"
| /* confdefs.h.  */
| 
| #define PACKAGE_NAME "Pubcookie"
| #define PACKAGE_TARNAME "pubcookie"
| #define PACKAGE_VERSION "3.3.1"
| #define PACKAGE_STRING "Pubcookie 3.3.1"
| #define PACKAGE_BUGREPORT "pubcookie-dev@u.washington.edu"
| #define HAVE_LIBNSL 1
| #define HAVE_LIBDL 1
| #define STDC_HEADERS 1
| #define HAVE_SYS_WAIT_H 1
| #define HAVE_SYS_TYPES_H 1
| #define HAVE_SYS_STAT_H 1
| #define HAVE_STDLIB_H 1
| #define HAVE_STRING_H 1
| #define HAVE_MEMORY_H 1
| #define HAVE_STRINGS_H 1
| #define HAVE_INTTYPES_H 1
| #define HAVE_STDINT_H 1
| #define HAVE_UNISTD_H 1
| #define HAVE_ARPA_INET_H 1
| #define HAVE_FCNTL_H 1
| #define HAVE_NETDB_H 1
| #define HAVE_NETINET_IN_H 1
| #define HAVE_SHADOW_H 1
| #define HAVE_STDLIB_H 1
| #define HAVE_STRING_H 1
| #define HAVE_STRINGS_H 1
| #define HAVE_SYS_PARAM_H 1
| #define HAVE_SYS_SOCKET_H 1
| #define HAVE_SYS_TIME_H 1
| #define HAVE_UNISTD_H 1
| #define HAVE_GETOPT_H 1
| #define HAVE_CTYPE_H 1
| #define HAVE_STDARG_H 1
| #define HAVE_STDIO_H 1
| #define HAVE_SYS_UTSNAME_H 1
| #define HAVE_TIME_H 1
| #define HAVE_PWD_H 1
| #define HAVE_SYS_TYPES_H 1
| #define HAVE_ASSERT_H 1
| #define HAVE_SYS_STAT_H 1
| #define HAVE_SYSEXITS_H 1
| /* end confdefs.h.  */
| #include <stdio.h>
| #if HAVE_SYS_TYPES_H
| # include <sys/types.h>
| #endif
| #if HAVE_SYS_STAT_H
| # include <sys/stat.h>
| #endif
| #if STDC_HEADERS
| # include <stdlib.h>
| # include <stddef.h>
| #else
| # if HAVE_STDLIB_H
| #  include <stdlib.h>
| # endif
| #endif
| #if HAVE_STRING_H
| # if !STDC_HEADERS && HAVE_MEMORY_H
| #  include <memory.h>
| # endif
| # include <string.h>
| #endif
| #if HAVE_STRINGS_H
| # include <strings.h>
| #endif
| #if HAVE_INTTYPES_H
| # include <inttypes.h>
| #else
| # if HAVE_STDINT_H
| #  include <stdint.h>
| # endif
| #endif
| #if HAVE_UNISTD_H
| # include <unistd.h>
| #endif
| #include <mango/sidapi.h>
configure:4491: result: no
configure:4495: checking mango/sidapi.h presence
configure:4506: gcc -E  conftest.c
configure:4541:26: error: mango/sidapi.h: No such file or directory
configure:4512: $? = 1
configure: failed program was:
| #line 4497 "configure"
| /* confdefs.h.  */
| 
| #define PACKAGE_NAME "Pubcookie"
| #define PACKAGE_TARNAME "pubcookie"
| #define PACKAGE_VERSION "3.3.1"
| #define PACKAGE_STRING "Pubcookie 3.3.1"
| #define PACKAGE_BUGREPORT "pubcookie-dev@u.washington.edu"
| #define HAVE_LIBNSL 1
| #define HAVE_LIBDL 1
| #define STDC_HEADERS 1
| #define HAVE_SYS_WAIT_H 1
| #define HAVE_SYS_TYPES_H 1
| #define HAVE_SYS_STAT_H 1
| #define HAVE_STDLIB_H 1
| #define HAVE_STRING_H 1
| #define HAVE_MEMORY_H 1
| #define HAVE_STRINGS_H 1
| #define HAVE_INTTYPES_H 1
| #define HAVE_STDINT_H 1
| #define HAVE_UNISTD_H 1
| #define HAVE_ARPA_INET_H 1
| #define HAVE_FCNTL_H 1
| #define HAVE_NETDB_H 1
| #define HAVE_NETINET_IN_H 1
| #define HAVE_SHADOW_H 1
| #define HAVE_STDLIB_H 1
| #define HAVE_STRING_H 1
| #define HAVE_STRINGS_H 1
| #define HAVE_SYS_PARAM_H 1
| #define HAVE_SYS_SOCKET_H 1
| #define HAVE_SYS_TIME_H 1
| #define HAVE_UNISTD_H 1
| #define HAVE_GETOPT_H 1
| #define HAVE_CTYPE_H 1
| #define HAVE_STDARG_H 1
| #define HAVE_STDIO_H 1
| #define HAVE_SYS_UTSNAME_H 1
| #define HAVE_TIME_H 1
| #define HAVE_PWD_H 1
| #define HAVE_SYS_TYPES_H 1
| #define HAVE_ASSERT_H 1
| #define HAVE_SYS_STAT_H 1
| #define HAVE_SYSEXITS_H 1
| /* end confdefs.h.  */
| #include <mango/sidapi.h>
configure:4531: result: no
configure:4567: checking for mango/sidapi.h
configure:4574: result: no
configure:4459: checking sys/resource.h usability
configure:4472: gcc -c -g -O2  conftest.c >&5
configure:4475: $? = 0
configure:4478: test -s conftest.o
configure:4481: $? = 0
configure:4491: result: yes
configure:4495: checking sys/resource.h presence
configure:4506: gcc -E  conftest.c
configure:4512: $? = 0
configure:4531: result: yes
configure:4567: checking for sys/resource.h
configure:4574: result: yes
configure:4459: checking fnmatch.h usability
configure:4472: gcc -c -g -O2  conftest.c >&5
configure:4475: $? = 0
configure:4478: test -s conftest.o
configure:4481: $? = 0
configure:4491: result: yes
configure:4495: checking fnmatch.h presence
configure:4506: gcc -E  conftest.c
configure:4512: $? = 0
configure:4531: result: yes
configure:4567: checking for fnmatch.h
configure:4574: result: yes
configure:4459: checking errno.h usability
configure:4472: gcc -c -g -O2  conftest.c >&5
configure:4475: $? = 0
configure:4478: test -s conftest.o
configure:4481: $? = 0
configure:4491: result: yes
configure:4495: checking errno.h presence
configure:4506: gcc -E  conftest.c
configure:4512: $? = 0
configure:4531: result: yes
configure:4567: checking for errno.h
configure:4574: result: yes
configure:4598: checking syslog.h usability
configure:4611: gcc -c -g -O2  conftest.c >&5
configure:4614: $? = 0
configure:4617: test -s conftest.o
configure:4620: $? = 0
configure:4630: result: yes
configure:4634: checking syslog.h presence
configure:4645: gcc -E  conftest.c
configure:4651: $? = 0
configure:4670: result: yes
configure:4706: checking for syslog.h
configure:4713: result: yes
configure:4723: checking for LOG_AUTHPRIV in syslog.h
configure:4745: gcc -o conftest -g -O2   -L/usr/lib/gcc/i386-redhat-linux/4.1.1 conftest.c -ldl -lnsl  -lgcc >&5
configure:4748: $? = 0
configure:4751: test -s conftest
configure:4754: $? = 0
configure:4756: result: found
configure:4771: checking for LOG_MAKEPRI in syslog.h
configure:4793: gcc -o conftest -g -O2   -L/usr/lib/gcc/i386-redhat-linux/4.1.1 conftest.c -ldl -lnsl  -lgcc >&5
configure:4796: $? = 0
configure:4799: test -s conftest
configure:4802: $? = 0
configure:4804: result: found
configure:4819: checking for LOG_FAC in syslog.h
configure:4841: gcc -o conftest -g -O2   -L/usr/lib/gcc/i386-redhat-linux/4.1.1 conftest.c -ldl -lnsl  -lgcc >&5
configure:4844: $? = 0
configure:4847: test -s conftest
configure:4850: $? = 0
configure:4852: result: found
configure:4867: checking for facilitynames in syslog.h
configure:4890: gcc -o conftest -g -O2   -L/usr/lib/gcc/i386-redhat-linux/4.1.1 conftest.c -ldl -lnsl  -lgcc >&5
configure:4893: $? = 0
configure:4896: test -s conftest
configure:4899: $? = 0
configure:4901: result: found
configure:4921: checking audit log facility
configure:4935: result: LOG_AUTHPRIV
configure:4944: checking general log facility
configure:4958: result: LOG_AUTHPRIV
configure:5052: checking for openssl krb5 includes
configure:5070: result: none
configure:5080: checking for ERR_load_ASN1_strings in -lcrypto
configure:5111: gcc -o conftest -g -O2  -I/usr/include/openssl  -L/usr/lib/gcc/i386-redhat-linux/4.1.1 conftest.c -lcrypto  -ldl -lnsl  -lgcc >&5
configure:5114: $? = 0
configure:5117: test -s conftest
configure:5120: $? = 0
configure:5132: result: yes
configure:5148: checking for SSL_library_init in -lssl
configure:5179: gcc -o conftest -g -O2  -I/usr/include/openssl  -L/usr/lib/gcc/i386-redhat-linux/4.1.1 conftest.c -lssl  -lcrypto -ldl -lnsl  -lgcc >&5
configure:5182: $? = 0
configure:5185: test -s conftest
configure:5188: $? = 0
configure:5200: result: yes
configure:5229: checking openssl/ssl.h usability
configure:5242: gcc -c -g -O2  -I/usr/include/openssl conftest.c >&5
configure:5245: $? = 0
configure:5248: test -s conftest.o
configure:5251: $? = 0
configure:5261: result: yes
configure:5265: checking openssl/ssl.h presence
configure:5276: gcc -E  -I/usr/include/openssl conftest.c
configure:5282: $? = 0
configure:5301: result: yes
configure:5337: checking for openssl/ssl.h
configure:5344: result: yes
configure:5378: checking openssl/crypto.h usability
configure:5391: gcc -c -g -O2  -I/usr/include/openssl conftest.c >&5
configure:5394: $? = 0
configure:5397: test -s conftest.o
configure:5400: $? = 0
configure:5410: result: yes
configure:5414: checking openssl/crypto.h presence
configure:5425: gcc -E  -I/usr/include/openssl conftest.c
configure:5431: $? = 0
configure:5450: result: yes
configure:5486: checking for openssl/crypto.h
configure:5493: result: yes
configure:5378: checking openssl/x509.h usability
configure:5391: gcc -c -g -O2  -I/usr/include/openssl conftest.c >&5
configure:5394: $? = 0
configure:5397: test -s conftest.o
configure:5400: $? = 0
configure:5410: result: yes
configure:5414: checking openssl/x509.h presence
configure:5425: gcc -E  -I/usr/include/openssl conftest.c
configure:5431: $? = 0
configure:5450: result: yes
configure:5486: checking for openssl/x509.h
configure:5493: result: yes
configure:5378: checking openssl/pem.h usability
configure:5391: gcc -c -g -O2  -I/usr/include/openssl conftest.c >&5
configure:5394: $? = 0
configure:5397: test -s conftest.o
configure:5400: $? = 0
configure:5410: result: yes
configure:5414: checking openssl/pem.h presence
configure:5425: gcc -E  -I/usr/include/openssl conftest.c
configure:5431: $? = 0
configure:5450: result: yes
configure:5486: checking for openssl/pem.h
configure:5493: result: yes
configure:5378: checking openssl/err.h usability
configure:5391: gcc -c -g -O2  -I/usr/include/openssl conftest.c >&5
configure:5394: $? = 0
configure:5397: test -s conftest.o
configure:5400: $? = 0
configure:5410: result: yes
configure:5414: checking openssl/err.h presence
configure:5425: gcc -E  -I/usr/include/openssl conftest.c
configure:5431: $? = 0
configure:5450: result: yes
configure:5486: checking for openssl/err.h
configure:5493: result: yes
configure:5378: checking openssl/rand.h usability
configure:5391: gcc -c -g -O2  -I/usr/include/openssl conftest.c >&5
configure:5394: $? = 0
configure:5397: test -s conftest.o
configure:5400: $? = 0
configure:5410: result: yes
configure:5414: checking openssl/rand.h presence
configure:5425: gcc -E  -I/usr/include/openssl conftest.c
configure:5431: $? = 0
configure:5450: result: yes
configure:5486: checking for openssl/rand.h
configure:5493: result: yes
configure:5378: checking openssl/des.h usability
configure:5391: gcc -c -g -O2  -I/usr/include/openssl conftest.c >&5
configure:5394: $? = 0
configure:5397: test -s conftest.o
configure:5400: $? = 0
configure:5410: result: yes
configure:5414: checking openssl/des.h presence
configure:5425: gcc -E  -I/usr/include/openssl conftest.c
configure:5431: $? = 0
configure:5450: result: yes
configure:5486: checking for openssl/des.h
configure:5493: result: yes
configure:8020: checking for an ANSI C-conforming const
configure:8088: gcc -c -g -O2  -I/usr/include/openssl conftest.c >&5
configure:8091: $? = 0
configure:8094: test -s conftest.o
configure:8097: $? = 0
configure:8108: result: yes
configure:8118: checking for pid_t
configure:8143: gcc -c -g -O2  -I/usr/include/openssl conftest.c >&5
configure:8146: $? = 0
configure:8149: test -s conftest.o
configure:8152: $? = 0
configure:8163: result: yes
configure:8175: checking for size_t
configure:8200: gcc -c -g -O2  -I/usr/include/openssl conftest.c >&5
configure:8203: $? = 0
configure:8206: test -s conftest.o
configure:8209: $? = 0
configure:8220: result: yes
configure:8232: checking whether time.h and sys/time.h may both be included
configure:8258: gcc -c -g -O2  -I/usr/include/openssl conftest.c >&5
configure:8261: $? = 0
configure:8264: test -s conftest.o
configure:8267: $? = 0
configure:8278: result: yes
configure:8288: checking whether struct tm is in sys/time.h or time.h
configure:8312: gcc -c -g -O2  -I/usr/include/openssl conftest.c >&5
configure:8315: $? = 0
configure:8318: test -s conftest.o
configure:8321: $? = 0
configure:8332: result: time.h
configure:8350: checking for unistd.h
configure:8355: result: yes
configure:8359: checking vfork.h usability
configure:8372: gcc -c -g -O2  -I/usr/include/openssl conftest.c >&5
configure:8462:19: error: vfork.h: No such file or directory
configure:8375: $? = 1
configure: failed program was:
| #line 8361 "configure"
| /* confdefs.h.  */
| 
| #define PACKAGE_NAME "Pubcookie"
| #define PACKAGE_TARNAME "pubcookie"
| #define PACKAGE_VERSION "3.3.1"
| #define PACKAGE_STRING "Pubcookie 3.3.1"
| #define PACKAGE_BUGREPORT "pubcookie-dev@u.washington.edu"
| #define HAVE_LIBNSL 1
| #define HAVE_LIBDL 1
| #define STDC_HEADERS 1
| #define HAVE_SYS_WAIT_H 1
| #define HAVE_SYS_TYPES_H 1
| #define HAVE_SYS_STAT_H 1
| #define HAVE_STDLIB_H 1
| #define HAVE_STRING_H 1
| #define HAVE_MEMORY_H 1
| #define HAVE_STRINGS_H 1
| #define HAVE_INTTYPES_H 1
| #define HAVE_STDINT_H 1
| #define HAVE_UNISTD_H 1
| #define HAVE_ARPA_INET_H 1
| #define HAVE_FCNTL_H 1
| #define HAVE_NETDB_H 1
| #define HAVE_NETINET_IN_H 1
| #define HAVE_SHADOW_H 1
| #define HAVE_STDLIB_H 1
| #define HAVE_STRING_H 1
| #define HAVE_STRINGS_H 1
| #define HAVE_SYS_PARAM_H 1
| #define HAVE_SYS_SOCKET_H 1
| #define HAVE_SYS_TIME_H 1
| #define HAVE_UNISTD_H 1
| #define HAVE_GETOPT_H 1
| #define HAVE_CTYPE_H 1
| #define HAVE_STDARG_H 1
| #define HAVE_STDIO_H 1
| #define HAVE_SYS_UTSNAME_H 1
| #define HAVE_TIME_H 1
| #define HAVE_PWD_H 1
| #define HAVE_SYS_TYPES_H 1
| #define HAVE_ASSERT_H 1
| #define HAVE_SYS_STAT_H 1
| #define HAVE_SYSEXITS_H 1
| #define HAVE_SYS_RESOURCE_H 1
| #define HAVE_FNMATCH_H 1
| #define HAVE_ERRNO_H 1
| #define HAVE_SYSLOG_H 1
| #define PBC_LOG_AUDIT_FACILITY LOG_AUTHPRIV
| #define PBC_LOG_GENERAL_FACILITY LOG_AUTHPRIV
| #define HAVE_LIBCRYPTO 1
| #define HAVE_LIBSSL 1
| #define HAVE_OPENSSL_SSL_H 1
| #define HAVE_OPENSSL_CRYPTO_H 1
| #define OPENSSL_IN_DIR 1
| #define HAVE_OPENSSL_X509_H 1
| #define OPENSSL_IN_DIR 1
| #define HAVE_OPENSSL_PEM_H 1
| #define OPENSSL_IN_DIR 1
| #define HAVE_OPENSSL_ERR_H 1
| #define OPENSSL_IN_DIR 1
| #define HAVE_OPENSSL_RAND_H 1
| #define OPENSSL_IN_DIR 1
| #define HAVE_OPENSSL_DES_H 1
| #define OPENSSL_IN_DIR 1
| #define TIME_WITH_SYS_TIME 1
| #define HAVE_UNISTD_H 1
| /* end confdefs.h.  */
| #include <stdio.h>
| #if HAVE_SYS_TYPES_H
| # include <sys/types.h>
| #endif
| #if HAVE_SYS_STAT_H
| # include <sys/stat.h>
| #endif
| #if STDC_HEADERS
| # include <stdlib.h>
| # include <stddef.h>
| #else
| # if HAVE_STDLIB_H
| #  include <stdlib.h>
| # endif
| #endif
| #if HAVE_STRING_H
| # if !STDC_HEADERS && HAVE_MEMORY_H
| #  include <memory.h>
| # endif
| # include <string.h>
| #endif
| #if HAVE_STRINGS_H
| # include <strings.h>
| #endif
| #if HAVE_INTTYPES_H
| # include <inttypes.h>
| #else
| # if HAVE_STDINT_H
| #  include <stdint.h>
| # endif
| #endif
| #if HAVE_UNISTD_H
| # include <unistd.h>
| #endif
| #include <vfork.h>
configure:8391: result: no
configure:8395: checking vfork.h presence
configure:8406: gcc -E  -I/usr/include/openssl conftest.c
configure:8464:19: error: vfork.h: No such file or directory
configure:8412: $? = 1
configure: failed program was:
| #line 8397 "configure"
| /* confdefs.h.  */
| 
| #define PACKAGE_NAME "Pubcookie"
| #define PACKAGE_TARNAME "pubcookie"
| #define PACKAGE_VERSION "3.3.1"
| #define PACKAGE_STRING "Pubcookie 3.3.1"
| #define PACKAGE_BUGREPORT "pubcookie-dev@u.washington.edu"
| #define HAVE_LIBNSL 1
| #define HAVE_LIBDL 1
| #define STDC_HEADERS 1
| #define HAVE_SYS_WAIT_H 1
| #define HAVE_SYS_TYPES_H 1
| #define HAVE_SYS_STAT_H 1
| #define HAVE_STDLIB_H 1
| #define HAVE_STRING_H 1
| #define HAVE_MEMORY_H 1
| #define HAVE_STRINGS_H 1
| #define HAVE_INTTYPES_H 1
| #define HAVE_STDINT_H 1
| #define HAVE_UNISTD_H 1
| #define HAVE_ARPA_INET_H 1
| #define HAVE_FCNTL_H 1
| #define HAVE_NETDB_H 1
| #define HAVE_NETINET_IN_H 1
| #define HAVE_SHADOW_H 1
| #define HAVE_STDLIB_H 1
| #define HAVE_STRING_H 1
| #define HAVE_STRINGS_H 1
| #define HAVE_SYS_PARAM_H 1
| #define HAVE_SYS_SOCKET_H 1
| #define HAVE_SYS_TIME_H 1
| #define HAVE_UNISTD_H 1
| #define HAVE_GETOPT_H 1
| #define HAVE_CTYPE_H 1
| #define HAVE_STDARG_H 1
| #define HAVE_STDIO_H 1
| #define HAVE_SYS_UTSNAME_H 1
| #define HAVE_TIME_H 1
| #define HAVE_PWD_H 1
| #define HAVE_SYS_TYPES_H 1
| #define HAVE_ASSERT_H 1
| #define HAVE_SYS_STAT_H 1
| #define HAVE_SYSEXITS_H 1
| #define HAVE_SYS_RESOURCE_H 1
| #define HAVE_FNMATCH_H 1
| #define HAVE_ERRNO_H 1
| #define HAVE_SYSLOG_H 1
| #define PBC_LOG_AUDIT_FACILITY LOG_AUTHPRIV
| #define PBC_LOG_GENERAL_FACILITY LOG_AUTHPRIV
| #define HAVE_LIBCRYPTO 1
| #define HAVE_LIBSSL 1
| #define HAVE_OPENSSL_SSL_H 1
| #define HAVE_OPENSSL_CRYPTO_H 1
| #define OPENSSL_IN_DIR 1
| #define HAVE_OPENSSL_X509_H 1
| #define OPENSSL_IN_DIR 1
| #define HAVE_OPENSSL_PEM_H 1
| #define OPENSSL_IN_DIR 1
| #define HAVE_OPENSSL_ERR_H 1
| #define OPENSSL_IN_DIR 1
| #define HAVE_OPENSSL_RAND_H 1
| #define OPENSSL_IN_DIR 1
| #define HAVE_OPENSSL_DES_H 1
| #define OPENSSL_IN_DIR 1
| #define TIME_WITH_SYS_TIME 1
| #define HAVE_UNISTD_H 1
| /* end confdefs.h.  */
| #include <vfork.h>
configure:8431: result: no
configure:8467: checking for vfork.h
configure:8474: result: no
configure:8492: checking for fork
configure:8542: gcc -o conftest -g -O2  -I/usr/include/openssl  -L/usr/lib/gcc/i386-redhat-linux/4.1.1 conftest.c -lssl -lcrypto -ldl -lnsl  -lgcc >&5
configure:8580: warning: conflicting types for built-in function 'fork'
configure:8545: $? = 0
configure:8548: test -s conftest
configure:8551: $? = 0
configure:8562: result: yes
configure:8492: checking for vfork
configure:8542: gcc -o conftest -g -O2  -I/usr/include/openssl  -L/usr/lib/gcc/i386-redhat-linux/4.1.1 conftest.c -lssl -lcrypto -ldl -lnsl  -lgcc >&5
configure:8545: $? = 0
configure:8548: test -s conftest
configure:8551: $? = 0
configure:8562: result: yes
configure:8573: checking for working fork
configure:8596: gcc -o conftest -g -O2  -I/usr/include/openssl  -L/usr/lib/gcc/i386-redhat-linux/4.1.1 conftest.c -lssl -lcrypto -ldl -lnsl  -lgcc >&5
conftest.c: In function 'main':
conftest.c:10: warning: incompatible implicit declaration of built-in function 'exit'
configure:8599: $? = 0
configure:8601: ./conftest
configure:8604: $? = 0
configure:8618: result: yes
configure:8639: checking for working vfork
configure:8773: result: yes
configure:8805: checking for working memcmp
configure:8854: gcc -o conftest -g -O2  -I/usr/include/openssl  -L/usr/lib/gcc/i386-redhat-linux/4.1.1 conftest.c -lssl -lcrypto -ldl -lnsl  -lgcc >&5
configure: In function 'main':
configure:8892: warning: incompatible implicit declaration of built-in function 'exit'
configure:8905: warning: incompatible implicit declaration of built-in function 'strcpy'
configure:8857: $? = 0
configure:8859: ./conftest
configure:8862: $? = 0
configure:8876: result: yes
configure:8884: checking for strftime
configure:8934: gcc -o conftest -g -O2  -I/usr/include/openssl  -L/usr/lib/gcc/i386-redhat-linux/4.1.1 conftest.c -lssl -lcrypto -ldl -lnsl  -lgcc >&5
configure:8976: warning: conflicting types for built-in function 'strftime'
configure:8937: $? = 0
configure:8940: test -s conftest
configure:8943: $? = 0
configure:8954: result: yes
configure:9032: checking for vprintf
configure:9082: gcc -o conftest -g -O2  -I/usr/include/openssl  -L/usr/lib/gcc/i386-redhat-linux/4.1.1 conftest.c -lssl -lcrypto -ldl -lnsl  -lgcc >&5
configure:9125: warning: conflicting types for built-in function 'vprintf'
configure:9085: $? = 0
configure:9088: test -s conftest
configure:9091: $? = 0
configure:9102: result: yes
configure:9109: checking for _doprnt
configure:9159: gcc -o conftest -g -O2  -I/usr/include/openssl  -L/usr/lib/gcc/i386-redhat-linux/4.1.1 conftest.c -lssl -lcrypto -ldl -lnsl  -lgcc >&5
/tmp/ccm7niT7.o: In function `main':
/home/globus/install/pubcookie/pubcookie-3.3.1-bark/configure:9218: undefined reference to `_doprnt'
/tmp/ccm7niT7.o:(.data+0x0): undefined reference to `_doprnt'
collect2: ld returned 1 exit status
configure:9162: $? = 1
configure: failed program was:
| #line 9114 "configure"
| /* confdefs.h.  */
| 
| #define PACKAGE_NAME "Pubcookie"
| #define PACKAGE_TARNAME "pubcookie"
| #define PACKAGE_VERSION "3.3.1"
| #define PACKAGE_STRING "Pubcookie 3.3.1"
| #define PACKAGE_BUGREPORT "pubcookie-dev@u.washington.edu"
| #define HAVE_LIBNSL 1
| #define HAVE_LIBDL 1
| #define STDC_HEADERS 1
| #define HAVE_SYS_WAIT_H 1
| #define HAVE_SYS_TYPES_H 1
| #define HAVE_SYS_STAT_H 1
| #define HAVE_STDLIB_H 1
| #define HAVE_STRING_H 1
| #define HAVE_MEMORY_H 1
| #define HAVE_STRINGS_H 1
| #define HAVE_INTTYPES_H 1
| #define HAVE_STDINT_H 1
| #define HAVE_UNISTD_H 1
| #define HAVE_ARPA_INET_H 1
| #define HAVE_FCNTL_H 1
| #define HAVE_NETDB_H 1
| #define HAVE_NETINET_IN_H 1
| #define HAVE_SHADOW_H 1
| #define HAVE_STDLIB_H 1
| #define HAVE_STRING_H 1
| #define HAVE_STRINGS_H 1
| #define HAVE_SYS_PARAM_H 1
| #define HAVE_SYS_SOCKET_H 1
| #define HAVE_SYS_TIME_H 1
| #define HAVE_UNISTD_H 1
| #define HAVE_GETOPT_H 1
| #define HAVE_CTYPE_H 1
| #define HAVE_STDARG_H 1
| #define HAVE_STDIO_H 1
| #define HAVE_SYS_UTSNAME_H 1
| #define HAVE_TIME_H 1
| #define HAVE_PWD_H 1
| #define HAVE_SYS_TYPES_H 1
| #define HAVE_ASSERT_H 1
| #define HAVE_SYS_STAT_H 1
| #define HAVE_SYSEXITS_H 1
| #define HAVE_SYS_RESOURCE_H 1
| #define HAVE_FNMATCH_H 1
| #define HAVE_ERRNO_H 1
| #define HAVE_SYSLOG_H 1
| #define PBC_LOG_AUDIT_FACILITY LOG_AUTHPRIV
| #define PBC_LOG_GENERAL_FACILITY LOG_AUTHPRIV
| #define HAVE_LIBCRYPTO 1
| #define HAVE_LIBSSL 1
| #define HAVE_OPENSSL_SSL_H 1
| #define HAVE_OPENSSL_CRYPTO_H 1
| #define OPENSSL_IN_DIR 1
| #define HAVE_OPENSSL_X509_H 1
| #define OPENSSL_IN_DIR 1
| #define HAVE_OPENSSL_PEM_H 1
| #define OPENSSL_IN_DIR 1
| #define HAVE_OPENSSL_ERR_H 1
| #define OPENSSL_IN_DIR 1
| #define HAVE_OPENSSL_RAND_H 1
| #define OPENSSL_IN_DIR 1
| #define HAVE_OPENSSL_DES_H 1
| #define OPENSSL_IN_DIR 1
| #define TIME_WITH_SYS_TIME 1
| #define HAVE_UNISTD_H 1
| #define HAVE_FORK 1
| #define HAVE_VFORK 1
| #define HAVE_WORKING_VFORK 1
| #define HAVE_WORKING_FORK 1
| #define HAVE_STRFTIME 1
| #define HAVE_VPRINTF 1
| /* end confdefs.h.  */
| /* System header to define __stub macros and hopefully few prototypes,
|     which can conflict with char _doprnt (); below.
|     Prefer <limits.h> to <assert.h> if __STDC__ is defined, since
|     <limits.h> exists even on freestanding compilers.  */
| #ifdef __STDC__
| # include <limits.h>
| #else
| # include <assert.h>
| #endif
| /* Override any gcc2 internal prototype to avoid an error.  */
| #ifdef __cplusplus
| extern "C"
| {
| #endif
| /* We use char because int might match the return type of a gcc2
|    builtin and then its argument prototype would still apply.  */
| char _doprnt ();
| /* The GNU C library defines this for functions which it implements
|     to always fail with ENOSYS.  Some functions are actually named
|     something starting with __ and the normal name is an alias.  */
| #if defined (__stub__doprnt) || defined (__stub____doprnt)
| choke me
| #else
| char (*f) () = _doprnt;
| #endif
| #ifdef __cplusplus
| }
| #endif
| 
| int
| main ()
| {
| return f != _doprnt;
|   ;
|   return 0;
| }
configure:9179: result: no
configure:9216: checking for bzero
configure:9266: gcc -o conftest -g -O2  -I/usr/include/openssl  -L/usr/lib/gcc/i386-redhat-linux/4.1.1 conftest.c -lssl -lcrypto -ldl -lnsl  -lgcc >&5
configure:9310: warning: conflicting types for built-in function 'bzero'
configure:9269: $? = 0
configure:9272: test -s conftest
configure:9275: $? = 0
configure:9286: result: yes
configure:9216: checking for dup2
configure:9266: gcc -o conftest -g -O2  -I/usr/include/openssl  -L/usr/lib/gcc/i386-redhat-linux/4.1.1 conftest.c -lssl -lcrypto -ldl -lnsl  -lgcc >&5
configure:9269: $? = 0
configure:9272: test -s conftest
configure:9275: $? = 0
configure:9286: result: yes
configure:9216: checking for gethostbyname
configure:9266: gcc -o conftest -g -O2  -I/usr/include/openssl  -L/usr/lib/gcc/i386-redhat-linux/4.1.1 conftest.c -lssl -lcrypto -ldl -lnsl  -lgcc >&5
configure:9269: $? = 0
configure:9272: test -s conftest
configure:9275: $? = 0
configure:9286: result: yes
configure:9216: checking for gethostname
configure:9266: gcc -o conftest -g -O2  -I/usr/include/openssl  -L/usr/lib/gcc/i386-redhat-linux/4.1.1 conftest.c -lssl -lcrypto -ldl -lnsl  -lgcc >&5
configure:9269: $? = 0
configure:9272: test -s conftest
configure:9275: $? = 0
configure:9286: result: yes
configure:9216: checking for getspnam
configure:9266: gcc -o conftest -g -O2  -I/usr/include/openssl  -L/usr/lib/gcc/i386-redhat-linux/4.1.1 conftest.c -lssl -lcrypto -ldl -lnsl  -lgcc >&5
configure:9269: $? = 0
configure:9272: test -s conftest
configure:9275: $? = 0
configure:9286: result: yes
configure:9216: checking for gettimeofday
configure:9266: gcc -o conftest -g -O2  -I/usr/include/openssl  -L/usr/lib/gcc/i386-redhat-linux/4.1.1 conftest.c -lssl -lcrypto -ldl -lnsl  -lgcc >&5
configure:9269: $? = 0
configure:9272: test -s conftest
configure:9275: $? = 0
configure:9286: result: yes
configure:9216: checking for memset
configure:9266: gcc -o conftest -g -O2  -I/usr/include/openssl  -L/usr/lib/gcc/i386-redhat-linux/4.1.1 conftest.c -lssl -lcrypto -ldl -lnsl  -lgcc >&5
configure:9316: warning: conflicting types for built-in function 'memset'
configure:9269: $? = 0
configure:9272: test -s conftest
configure:9275: $? = 0
configure:9286: result: yes
configure:9216: checking for socket
configure:9266: gcc -o conftest -g -O2  -I/usr/include/openssl  -L/usr/lib/gcc/i386-redhat-linux/4.1.1 conftest.c -lssl -lcrypto -ldl -lnsl  -lgcc >&5
configure:9269: $? = 0
configure:9272: test -s conftest
configure:9275: $? = 0
configure:9286: result: yes
configure:9216: checking for strcasecmp
configure:9266: gcc -o conftest -g -O2  -I/usr/include/openssl  -L/usr/lib/gcc/i386-redhat-linux/4.1.1 conftest.c -lssl -lcrypto -ldl -lnsl  -lgcc >&5
configure:9318: warning: conflicting types for built-in function 'strcasecmp'
configure:9269: $? = 0
configure:9272: test -s conftest
configure:9275: $? = 0
configure:9286: result: yes
configure:9216: checking for strchr
configure:9266: gcc -o conftest -g -O2  -I/usr/include/openssl  -L/usr/lib/gcc/i386-redhat-linux/4.1.1 conftest.c -lssl -lcrypto -ldl -lnsl  -lgcc >&5
configure:9319: warning: conflicting types for built-in function 'strchr'
configure:9269: $? = 0
configure:9272: test -s conftest
configure:9275: $? = 0
configure:9286: result: yes
configure:9216: checking for strdup
configure:9266: gcc -o conftest -g -O2  -I/usr/include/openssl  -L/usr/lib/gcc/i386-redhat-linux/4.1.1 conftest.c -lssl -lcrypto -ldl -lnsl  -lgcc >&5
configure:9320: warning: conflicting types for built-in function 'strdup'
configure:9269: $? = 0
configure:9272: test -s conftest
configure:9275: $? = 0
configure:9286: result: yes
configure:9216: checking for strerror
configure:9266: gcc -o conftest -g -O2  -I/usr/include/openssl  -L/usr/lib/gcc/i386-redhat-linux/4.1.1 conftest.c -lssl -lcrypto -ldl -lnsl  -lgcc >&5
configure:9269: $? = 0
configure:9272: test -s conftest
configure:9275: $? = 0
configure:9286: result: yes
configure:9216: checking for strncasecmp
configure:9266: gcc -o conftest -g -O2  -I/usr/include/openssl  -L/usr/lib/gcc/i386-redhat-linux/4.1.1 conftest.c -lssl -lcrypto -ldl -lnsl  -lgcc >&5
configure:9322: warning: conflicting types for built-in function 'strncasecmp'
configure:9269: $? = 0
configure:9272: test -s conftest
configure:9275: $? = 0
configure:9286: result: yes
configure:9216: checking for strstr
configure:9266: gcc -o conftest -g -O2  -I/usr/include/openssl  -L/usr/lib/gcc/i386-redhat-linux/4.1.1 conftest.c -lssl -lcrypto -ldl -lnsl  -lgcc >&5
configure:9323: warning: conflicting types for built-in function 'strstr'
configure:9269: $? = 0
configure:9272: test -s conftest
configure:9275: $? = 0
configure:9286: result: yes
configure:9216: checking for uname
configure:9266: gcc -o conftest -g -O2  -I/usr/include/openssl  -L/usr/lib/gcc/i386-redhat-linux/4.1.1 conftest.c -lssl -lcrypto -ldl -lnsl  -lgcc >&5
configure:9269: $? = 0
configure:9272: test -s conftest
configure:9275: $? = 0
configure:9286: result: yes
configure:9216: checking for strlcpy
configure:9266: gcc -o conftest -g -O2  -I/usr/include/openssl  -L/usr/lib/gcc/i386-redhat-linux/4.1.1 conftest.c -lssl -lcrypto -ldl -lnsl  -lgcc >&5
/tmp/ccqOrDOh.o: In function `main':
/home/globus/install/pubcookie/pubcookie-3.3.1-bark/configure:9340: undefined reference to `strlcpy'
/tmp/ccqOrDOh.o:(.data+0x0): undefined reference to `strlcpy'
collect2: ld returned 1 exit status
configure:9269: $? = 1
configure: failed program was:
| #line 9221 "configure"
| /* confdefs.h.  */
| 
| #define PACKAGE_NAME "Pubcookie"
| #define PACKAGE_TARNAME "pubcookie"
| #define PACKAGE_VERSION "3.3.1"
| #define PACKAGE_STRING "Pubcookie 3.3.1"
| #define PACKAGE_BUGREPORT "pubcookie-dev@u.washington.edu"
| #define HAVE_LIBNSL 1
| #define HAVE_LIBDL 1
| #define STDC_HEADERS 1
| #define HAVE_SYS_WAIT_H 1
| #define HAVE_SYS_TYPES_H 1
| #define HAVE_SYS_STAT_H 1
| #define HAVE_STDLIB_H 1
| #define HAVE_STRING_H 1
| #define HAVE_MEMORY_H 1
| #define HAVE_STRINGS_H 1
| #define HAVE_INTTYPES_H 1
| #define HAVE_STDINT_H 1
| #define HAVE_UNISTD_H 1
| #define HAVE_ARPA_INET_H 1
| #define HAVE_FCNTL_H 1
| #define HAVE_NETDB_H 1
| #define HAVE_NETINET_IN_H 1
| #define HAVE_SHADOW_H 1
| #define HAVE_STDLIB_H 1
| #define HAVE_STRING_H 1
| #define HAVE_STRINGS_H 1
| #define HAVE_SYS_PARAM_H 1
| #define HAVE_SYS_SOCKET_H 1
| #define HAVE_SYS_TIME_H 1
| #define HAVE_UNISTD_H 1
| #define HAVE_GETOPT_H 1
| #define HAVE_CTYPE_H 1
| #define HAVE_STDARG_H 1
| #define HAVE_STDIO_H 1
| #define HAVE_SYS_UTSNAME_H 1
| #define HAVE_TIME_H 1
| #define HAVE_PWD_H 1
| #define HAVE_SYS_TYPES_H 1
| #define HAVE_ASSERT_H 1
| #define HAVE_SYS_STAT_H 1
| #define HAVE_SYSEXITS_H 1
| #define HAVE_SYS_RESOURCE_H 1
| #define HAVE_FNMATCH_H 1
| #define HAVE_ERRNO_H 1
| #define HAVE_SYSLOG_H 1
| #define PBC_LOG_AUDIT_FACILITY LOG_AUTHPRIV
| #define PBC_LOG_GENERAL_FACILITY LOG_AUTHPRIV
| #define HAVE_LIBCRYPTO 1
| #define HAVE_LIBSSL 1
| #define HAVE_OPENSSL_SSL_H 1
| #define HAVE_OPENSSL_CRYPTO_H 1
| #define OPENSSL_IN_DIR 1
| #define HAVE_OPENSSL_X509_H 1
| #define OPENSSL_IN_DIR 1
| #define HAVE_OPENSSL_PEM_H 1
| #define OPENSSL_IN_DIR 1
| #define HAVE_OPENSSL_ERR_H 1
| #define OPENSSL_IN_DIR 1
| #define HAVE_OPENSSL_RAND_H 1
| #define OPENSSL_IN_DIR 1
| #define HAVE_OPENSSL_DES_H 1
| #define OPENSSL_IN_DIR 1
| #define TIME_WITH_SYS_TIME 1
| #define HAVE_UNISTD_H 1
| #define HAVE_FORK 1
| #define HAVE_VFORK 1
| #define HAVE_WORKING_VFORK 1
| #define HAVE_WORKING_FORK 1
| #define HAVE_STRFTIME 1
| #define HAVE_VPRINTF 1
| #define HAVE_BZERO 1
| #define HAVE_DUP2 1
| #define HAVE_GETHOSTBYNAME 1
| #define HAVE_GETHOSTNAME 1
| #define HAVE_GETSPNAM 1
| #define HAVE_GETTIMEOFDAY 1
| #define HAVE_MEMSET 1
| #define HAVE_SOCKET 1
| #define HAVE_STRCASECMP 1
| #define HAVE_STRCHR 1
| #define HAVE_STRDUP 1
| #define HAVE_STRERROR 1
| #define HAVE_STRNCASECMP 1
| #define HAVE_STRSTR 1
| #define HAVE_UNAME 1
| /* end confdefs.h.  */
| /* System header to define __stub macros and hopefully few prototypes,
|     which can conflict with char strlcpy (); below.
|     Prefer <limits.h> to <assert.h> if __STDC__ is defined, since
|     <limits.h> exists even on freestanding compilers.  */
| #ifdef __STDC__
| # include <limits.h>
| #else
| # include <assert.h>
| #endif
| /* Override any gcc2 internal prototype to avoid an error.  */
| #ifdef __cplusplus
| extern "C"
| {
| #endif
| /* We use char because int might match the return type of a gcc2
|    builtin and then its argument prototype would still apply.  */
| char strlcpy ();
| /* The GNU C library defines this for functions which it implements
|     to always fail with ENOSYS.  Some functions are actually named
|     something starting with __ and the normal name is an alias.  */
| #if defined (__stub_strlcpy) || defined (__stub___strlcpy)
| choke me
| #else
| char (*f) () = strlcpy;
| #endif
| #ifdef __cplusplus
| }
| #endif
| 
| int
| main ()
| {
| return f != strlcpy;
|   ;
|   return 0;
| }
configure:9286: result: no
configure:9216: checking for strlcat
configure:9266: gcc -o conftest -g -O2  -I/usr/include/openssl  -L/usr/lib/gcc/i386-redhat-linux/4.1.1 conftest.c -lssl -lcrypto -ldl -lnsl  -lgcc >&5
/tmp/ccgMz7Wl.o: In function `main':
/home/globus/install/pubcookie/pubcookie-3.3.1-bark/configure:9340: undefined reference to `strlcat'
/tmp/ccgMz7Wl.o:(.data+0x0): undefined reference to `strlcat'
collect2: ld returned 1 exit status
configure:9269: $? = 1
configure: failed program was:
| #line 9221 "configure"
| /* confdefs.h.  */
| 
| #define PACKAGE_NAME "Pubcookie"
| #define PACKAGE_TARNAME "pubcookie"
| #define PACKAGE_VERSION "3.3.1"
| #define PACKAGE_STRING "Pubcookie 3.3.1"
| #define PACKAGE_BUGREPORT "pubcookie-dev@u.washington.edu"
| #define HAVE_LIBNSL 1
| #define HAVE_LIBDL 1
| #define STDC_HEADERS 1
| #define HAVE_SYS_WAIT_H 1
| #define HAVE_SYS_TYPES_H 1
| #define HAVE_SYS_STAT_H 1
| #define HAVE_STDLIB_H 1
| #define HAVE_STRING_H 1
| #define HAVE_MEMORY_H 1
| #define HAVE_STRINGS_H 1
| #define HAVE_INTTYPES_H 1
| #define HAVE_STDINT_H 1
| #define HAVE_UNISTD_H 1
| #define HAVE_ARPA_INET_H 1
| #define HAVE_FCNTL_H 1
| #define HAVE_NETDB_H 1
| #define HAVE_NETINET_IN_H 1
| #define HAVE_SHADOW_H 1
| #define HAVE_STDLIB_H 1
| #define HAVE_STRING_H 1
| #define HAVE_STRINGS_H 1
| #define HAVE_SYS_PARAM_H 1
| #define HAVE_SYS_SOCKET_H 1
| #define HAVE_SYS_TIME_H 1
| #define HAVE_UNISTD_H 1
| #define HAVE_GETOPT_H 1
| #define HAVE_CTYPE_H 1
| #define HAVE_STDARG_H 1
| #define HAVE_STDIO_H 1
| #define HAVE_SYS_UTSNAME_H 1
| #define HAVE_TIME_H 1
| #define HAVE_PWD_H 1
| #define HAVE_SYS_TYPES_H 1
| #define HAVE_ASSERT_H 1
| #define HAVE_SYS_STAT_H 1
| #define HAVE_SYSEXITS_H 1
| #define HAVE_SYS_RESOURCE_H 1
| #define HAVE_FNMATCH_H 1
| #define HAVE_ERRNO_H 1
| #define HAVE_SYSLOG_H 1
| #define PBC_LOG_AUDIT_FACILITY LOG_AUTHPRIV
| #define PBC_LOG_GENERAL_FACILITY LOG_AUTHPRIV
| #define HAVE_LIBCRYPTO 1
| #define HAVE_LIBSSL 1
| #define HAVE_OPENSSL_SSL_H 1
| #define HAVE_OPENSSL_CRYPTO_H 1
| #define OPENSSL_IN_DIR 1
| #define HAVE_OPENSSL_X509_H 1
| #define OPENSSL_IN_DIR 1
| #define HAVE_OPENSSL_PEM_H 1
| #define OPENSSL_IN_DIR 1
| #define HAVE_OPENSSL_ERR_H 1
| #define OPENSSL_IN_DIR 1
| #define HAVE_OPENSSL_RAND_H 1
| #define OPENSSL_IN_DIR 1
| #define HAVE_OPENSSL_DES_H 1
| #define OPENSSL_IN_DIR 1
| #define TIME_WITH_SYS_TIME 1
| #define HAVE_UNISTD_H 1
| #define HAVE_FORK 1
| #define HAVE_VFORK 1
| #define HAVE_WORKING_VFORK 1
| #define HAVE_WORKING_FORK 1
| #define HAVE_STRFTIME 1
| #define HAVE_VPRINTF 1
| #define HAVE_BZERO 1
| #define HAVE_DUP2 1
| #define HAVE_GETHOSTBYNAME 1
| #define HAVE_GETHOSTNAME 1
| #define HAVE_GETSPNAM 1
| #define HAVE_GETTIMEOFDAY 1
| #define HAVE_MEMSET 1
| #define HAVE_SOCKET 1
| #define HAVE_STRCASECMP 1
| #define HAVE_STRCHR 1
| #define HAVE_STRDUP 1
| #define HAVE_STRERROR 1
| #define HAVE_STRNCASECMP 1
| #define HAVE_STRSTR 1
| #define HAVE_UNAME 1
| /* end confdefs.h.  */
| /* System header to define __stub macros and hopefully few prototypes,
|     which can conflict with char strlcat (); below.
|     Prefer <limits.h> to <assert.h> if __STDC__ is defined, since
|     <limits.h> exists even on freestanding compilers.  */
| #ifdef __STDC__
| # include <limits.h>
| #else
| # include <assert.h>
| #endif
| /* Override any gcc2 internal prototype to avoid an error.  */
| #ifdef __cplusplus
| extern "C"
| {
| #endif
| /* We use char because int might match the return type of a gcc2
|    builtin and then its argument prototype would still apply.  */
| char strlcat ();
| /* The GNU C library defines this for functions which it implements
|     to always fail with ENOSYS.  Some functions are actually named
|     something starting with __ and the normal name is an alias.  */
| #if defined (__stub_strlcat) || defined (__stub___strlcat)
| choke me
| #else
| char (*f) () = strlcat;
| #endif
| #ifdef __cplusplus
| }
| #endif
| 
| int
| main ()
| {
| return f != strlcat;
|   ;
|   return 0;
| }
configure:9286: result: no
configure:9216: checking for bcopy
configure:9266: gcc -o conftest -g -O2  -I/usr/include/openssl  -L/usr/lib/gcc/i386-redhat-linux/4.1.1 conftest.c -lssl -lcrypto -ldl -lnsl  -lgcc >&5
configure:9325: warning: conflicting types for built-in function 'bcopy'
configure:9269: $? = 0
configure:9272: test -s conftest
configure:9275: $? = 0
configure:9286: result: yes
configure:9302: checking for snprintf
configure:9352: gcc -o conftest -g -O2  -I/usr/include/openssl  -L/usr/lib/gcc/i386-redhat-linux/4.1.1 conftest.c -lssl -lcrypto -ldl -lnsl  -lgcc >&5
configure:9412: warning: conflicting types for built-in function 'snprintf'
configure:9355: $? = 0
configure:9358: test -s conftest
configure:9361: $? = 0
configure:9372: result: yes
configure:9302: checking for vsnprintf
configure:9352: gcc -o conftest -g -O2  -I/usr/include/openssl  -L/usr/lib/gcc/i386-redhat-linux/4.1.1 conftest.c -lssl -lcrypto -ldl -lnsl  -lgcc >&5
configure:9413: warning: conflicting types for built-in function 'vsnprintf'
configure:9355: $? = 0
configure:9358: test -s conftest
configure:9361: $? = 0
configure:9372: result: yes
configure:9393: checking whether to enable maintainer-specific portions of Makefiles
configure:9402: result: no
configure:9654: creating ./config.status

## ---------------------- ##
## Running config.status. ##
## ---------------------- ##

This file was extended by Pubcookie config.status 3.3.1, which was
generated by GNU Autoconf 2.57.  Invocation command line was

  CONFIG_FILES    = 
  CONFIG_HEADERS  = 
  CONFIG_LINKS    = 
  CONFIG_COMMANDS = 
  $ ./config.status 

on nvoapp1.ncsa.uiuc.edu

config.status:681: creating Makefile
config.status:681: creating src/pbc_path.h
config.status:681: creating src/pbc_version.h
config.status:681: creating cgic/Makefile
config.status:681: creating src/Win32/PubCookieFilter.h
config.status:681: creating src/Win32/PubCookieFilter.rc
config.status:681: creating stamp-h
config.status:681: creating module/Makefile
config.status:789: creating src/config.h
config.status:1072: src/config.h is unchanged

## ---------------- ##
## Cache variables. ##
## ---------------- ##

ac_cv_build=i686-pc-linux-gnu
ac_cv_build_alias=i686-pc-linux-gnu
ac_cv_c_compiler_gnu=yes
ac_cv_c_const=yes
ac_cv_env_CC_set=
ac_cv_env_CC_value=
ac_cv_env_CFLAGS_set=
ac_cv_env_CFLAGS_value=
ac_cv_env_CPPFLAGS_set=
ac_cv_env_CPPFLAGS_value=
ac_cv_env_CPP_set=
ac_cv_env_CPP_value=
ac_cv_env_LDFLAGS_set=
ac_cv_env_LDFLAGS_value=
ac_cv_env_build_alias_set=
ac_cv_env_build_alias_value=
ac_cv_env_host_alias_set=
ac_cv_env_host_alias_value=
ac_cv_env_target_alias_set=
ac_cv_env_target_alias_value=
ac_cv_exeext=
ac_cv_func__doprnt=no
ac_cv_func_bcopy=yes
ac_cv_func_bzero=yes
ac_cv_func_dup2=yes
ac_cv_func_fork=yes
ac_cv_func_fork_works=yes
ac_cv_func_gethostbyname=yes
ac_cv_func_gethostname=yes
ac_cv_func_getspnam=yes
ac_cv_func_gettimeofday=yes
ac_cv_func_memcmp_working=yes
ac_cv_func_memset=yes
ac_cv_func_snprintf=yes
ac_cv_func_socket=yes
ac_cv_func_strcasecmp=yes
ac_cv_func_strchr=yes
ac_cv_func_strdup=yes
ac_cv_func_strerror=yes
ac_cv_func_strftime=yes
ac_cv_func_strlcat=no
ac_cv_func_strlcpy=no
ac_cv_func_strncasecmp=yes
ac_cv_func_strstr=yes
ac_cv_func_uname=yes
ac_cv_func_vfork=yes
ac_cv_func_vfork_works=yes
ac_cv_func_vprintf=yes
ac_cv_func_vsnprintf=yes
ac_cv_header_arpa_inet_h=yes
ac_cv_header_assert_h=yes
ac_cv_header_ctype_h=yes
ac_cv_header_errno_h=yes
ac_cv_header_fcntl_h=yes
ac_cv_header_fnmatch_h=yes
ac_cv_header_getopt_h=yes
ac_cv_header_inttypes_h=yes
ac_cv_header_mango_messages_h=no
ac_cv_header_mango_mgoapi2_h=no
ac_cv_header_mango_sidapi_h=no
ac_cv_header_memory_h=yes
ac_cv_header_netdb_h=yes
ac_cv_header_netinet_in_h=yes
ac_cv_header_openssl_crypto_h=yes
ac_cv_header_openssl_des_h=yes
ac_cv_header_openssl_err_h=yes
ac_cv_header_openssl_pem_h=yes
ac_cv_header_openssl_rand_h=yes
ac_cv_header_openssl_ssl_h=yes
ac_cv_header_openssl_x509_h=yes
ac_cv_header_pwd_h=yes
ac_cv_header_shadow_h=yes
ac_cv_header_stdarg_h=yes
ac_cv_header_stdc=yes
ac_cv_header_stdint_h=yes
ac_cv_header_stdio_h=yes
ac_cv_header_stdlib_h=yes
ac_cv_header_string_h=yes
ac_cv_header_strings_h=yes
ac_cv_header_sys_param_h=yes
ac_cv_header_sys_resource_h=yes
ac_cv_header_sys_socket_h=yes
ac_cv_header_sys_stat_h=yes
ac_cv_header_sys_time_h=yes
ac_cv_header_sys_types_h=yes
ac_cv_header_sys_utsname_h=yes
ac_cv_header_sys_wait_h=yes
ac_cv_header_sysexits_h=yes
ac_cv_header_syslog_h=yes
ac_cv_header_time=yes
ac_cv_header_time_h=yes
ac_cv_header_unistd_h=yes
ac_cv_header_varargs_h=no
ac_cv_header_vfork_h=no
ac_cv_host=i686-pc-linux-gnu
ac_cv_host_alias=i686-pc-linux-gnu
ac_cv_lib_crypto_ERR_load_ASN1_strings=yes
ac_cv_lib_dl_dlopen=yes
ac_cv_lib_nsl_gethostent=yes
ac_cv_lib_socket_socket=no
ac_cv_lib_ssl_SSL_library_init=yes
ac_cv_objext=o
ac_cv_path_APXS=/usr/sbin/apxs
ac_cv_path_AR=/usr/bin/ar
ac_cv_path_CHMOD=/bin/chmod
ac_cv_path_CP=/bin/cp
ac_cv_path_GMAKE=/usr/bin/gmake
ac_cv_path_GZIP=/bin/gzip
ac_cv_path_LS=/bin/ls
ac_cv_path_MAKE=/usr/bin/make
ac_cv_path_MKDIR=/bin/mkdir
ac_cv_path_MV=/bin/mv
ac_cv_path_PWD=/home/globus/install/pubcookie/pubcookie-3.3.1-bark
ac_cv_path_RANLIB=/usr/bin/ranlib
ac_cv_path_RM=/bin/rm
ac_cv_path_SED=/bin/sed
ac_cv_path_TAR=/bin/tar
ac_cv_path_TEST=/usr/bin/test
ac_cv_path_install='/usr/bin/install -c'
ac_cv_prog_AWK=gawk
ac_cv_prog_CPP='gcc -E'
ac_cv_prog_ac_ct_CC=gcc
ac_cv_prog_cc_g=yes
ac_cv_prog_cc_stdc=
ac_cv_prog_egrep='grep -E'
ac_cv_prog_make_make_set=yes
ac_cv_struct_tm=time.h
ac_cv_type_pid_t=yes
ac_cv_type_size_t=yes

## ----------------- ##
## Output variables. ##
## ----------------- ##

AIX_LDFLAGS=''
APACHE_INSTALLBUILDDIR='/usr/lib/httpd/build'
APACHE_MOD_EXT='la'
APACHE_PREFIX='/etc/httpd'
APACHE_VERSION='2'
APXS='/usr/sbin/apxs'
AR='/usr/bin/ar'
AWK='gawk'
CC='gcc'
CERT_DB_PATH=''
CFLAGS='-g -O2'
CGIC_INC=''
CGIC_LIB=''
CHMOD='/bin/chmod'
CP='/bin/cp'
CPP='gcc -E'
CPPFLAGS=' -I/usr/include/openssl'
DEFS='-DHAVE_CONFIG_H'
ECHO_C=''
ECHO_N='-n'
ECHO_T=''
EGREP='grep -E'
EXEEXT=''
GMAKE='/usr/bin/gmake'
GZIP='/bin/gzip'
IF_MOD=''
INSTALL_DATA='${INSTALL} -m 644'
INSTALL_PROGRAM='${INSTALL}'
INSTALL_SCRIPT='${INSTALL}'
LDFLAGS=' -L/usr/lib/gcc/i386-redhat-linux/4.1.1'
LIBOBJS=''
LIBS='-lssl -lcrypto -ldl -lnsl  -lgcc'
LOGINLIBS='-lssl -lcrypto -ldl -lnsl  -lgcc'
LS='/bin/ls'
LTLIBOBJS=''
MAINT='#'
MAINTAINER_MODE_FALSE=''
MAINTAINER_MODE_TRUE='#'
MAKE='/usr/bin/make'
MAKE_APACHE=''
MAKE_LOGIN='@echo Skipping '
MKDIR='/bin/mkdir'
MOD_HDR=''
MOD_LIST=''
MOD_OBJ=''
MV='/bin/mv'
OBJEXT='o'
PACKAGE_BUGREPORT='pubcookie-dev@u.washington.edu'
PACKAGE_NAME='Pubcookie'
PACKAGE_STRING='Pubcookie 3.3.1'
PACKAGE_TARNAME='pubcookie'
PACKAGE_VERSION='3.3.1'
PATH_SEPARATOR=':'
PBC_VERSION_MAJOR='3'
PBC_VERSION_MINOR='3'
PBC_VERSION_PATCH='1'
PBC_VERSION_TYPE='final'
PBC_WIN_BUILD_NUMBER='1'
PWD='/home/globus/install/pubcookie/pubcookie-3.3.1-bark'
RANLIB='/usr/bin/ranlib'
RM='/bin/rm'
SED='/bin/sed'
SET_MAKE=''
SHELL='/bin/sh'
SNPRINTF_0=''
SNPRINTF_C=''
TAR='/bin/tar'
TEST='/usr/bin/test'
ac_ct_CC='gcc'
apache_module='apache_module'
bindir='${exec_prefix}/bin'
build='i686-pc-linux-gnu'
build_alias=''
build_cpu='i686'
build_os='linux-gnu'
build_vendor='pc'
datadir='${prefix}/share'
exec_prefix='${prefix}'
host='i686-pc-linux-gnu'
host_alias=''
host_cpu='i686'
host_os='linux-gnu'
host_vendor='pc'
includedir='${prefix}/include'
infodir='${prefix}/info'
install_apache='install-apache'
install_login=''
libdir='${exec_prefix}/lib'
libexecdir='${exec_prefix}/libexec'
localstatedir='${prefix}/var'
login_server=''
mandir='${prefix}/man'
need_slib_clean=''
no_login='no_login'
no_module=''
oldincludedir='/usr/include'
prefix='/usr/local/pubcookie'
program_transform_name='s,x,x,'
sbindir='${exec_prefix}/sbin'
sharedstatedir='${prefix}/com'
sysconfdir='${prefix}/etc'
target_alias=''

## ----------- ##
## confdefs.h. ##
## ----------- ##

#define HAVE_ARPA_INET_H 1
#define HAVE_ASSERT_H 1
#define HAVE_BCOPY 1
#define HAVE_BZERO 1
#define HAVE_CTYPE_H 1
#define HAVE_DUP2 1
#define HAVE_ERRNO_H 1
#define HAVE_FCNTL_H 1
#define HAVE_FNMATCH_H 1
#define HAVE_FORK 1
#define HAVE_GETHOSTBYNAME 1
#define HAVE_GETHOSTNAME 1
#define HAVE_GETOPT_H 1
#define HAVE_GETSPNAM 1
#define HAVE_GETTIMEOFDAY 1
#define HAVE_INTTYPES_H 1
#define HAVE_LIBCRYPTO 1
#define HAVE_LIBDL 1
#define HAVE_LIBNSL 1
#define HAVE_LIBSSL 1
#define HAVE_MEMORY_H 1
#define HAVE_MEMSET 1
#define HAVE_NETDB_H 1
#define HAVE_NETINET_IN_H 1
#define HAVE_OPENSSL_CRYPTO_H 1
#define HAVE_OPENSSL_DES_H 1
#define HAVE_OPENSSL_ERR_H 1
#define HAVE_OPENSSL_PEM_H 1
#define HAVE_OPENSSL_RAND_H 1
#define HAVE_OPENSSL_SSL_H 1
#define HAVE_OPENSSL_X509_H 1
#define HAVE_PWD_H 1
#define HAVE_SHADOW_H 1
#define HAVE_SNPRINTF 1
#define HAVE_SOCKET 1
#define HAVE_STDARG_H 1
#define HAVE_STDINT_H 1
#define HAVE_STDIO_H 1
#define HAVE_STDLIB_H 1
#define HAVE_STDLIB_H 1
#define HAVE_STRCASECMP 1
#define HAVE_STRCHR 1
#define HAVE_STRDUP 1
#define HAVE_STRERROR 1
#define HAVE_STRFTIME 1
#define HAVE_STRINGS_H 1
#define HAVE_STRINGS_H 1
#define HAVE_STRING_H 1
#define HAVE_STRING_H 1
#define HAVE_STRNCASECMP 1
#define HAVE_STRSTR 1
#define HAVE_SYSEXITS_H 1
#define HAVE_SYSLOG_H 1
#define HAVE_SYS_PARAM_H 1
#define HAVE_SYS_RESOURCE_H 1
#define HAVE_SYS_SOCKET_H 1
#define HAVE_SYS_STAT_H 1
#define HAVE_SYS_STAT_H 1
#define HAVE_SYS_TIME_H 1
#define HAVE_SYS_TYPES_H 1
#define HAVE_SYS_TYPES_H 1
#define HAVE_SYS_UTSNAME_H 1
#define HAVE_SYS_WAIT_H 1
#define HAVE_TIME_H 1
#define HAVE_UNAME 1
#define HAVE_UNISTD_H 1
#define HAVE_UNISTD_H 1
#define HAVE_UNISTD_H 1
#define HAVE_VFORK 1
#define HAVE_VPRINTF 1
#define HAVE_VSNPRINTF 1
#define HAVE_WORKING_FORK 1
#define HAVE_WORKING_VFORK 1
#define OPENSSL_IN_DIR 1
#define OPENSSL_IN_DIR 1
#define OPENSSL_IN_DIR 1
#define OPENSSL_IN_DIR 1
#define OPENSSL_IN_DIR 1
#define OPENSSL_IN_DIR 1
#define PACKAGE_BUGREPORT "pubcookie-dev@u.washington.edu"
#define PACKAGE_NAME "Pubcookie"
#define PACKAGE_STRING "Pubcookie 3.3.1"
#define PACKAGE_TARNAME "pubcookie"
#define PACKAGE_VERSION "3.3.1"
#define PBC_LOG_AUDIT_FACILITY LOG_AUTHPRIV
#define PBC_LOG_GENERAL_FACILITY LOG_AUTHPRIV
#define STDC_HEADERS 1
#define TIME_WITH_SYS_TIME 1

configure: exit 0

## ---------------------- ##
## Running config.status. ##
## ---------------------- ##

This file was extended by Pubcookie config.status 3.3.1, which was
generated by GNU Autoconf 2.57.  Invocation command line was

  CONFIG_FILES    = 
  CONFIG_HEADERS  = 
  CONFIG_LINKS    = 
  CONFIG_COMMANDS = 
  $ ./config.status 

on nvoapp1.ncsa.uiuc.edu

config.status:681: creating Makefile
config.status:681: creating src/pbc_path.h
config.status:681: creating src/pbc_version.h
config.status:681: creating cgic/Makefile
config.status:681: creating src/Win32/PubCookieFilter.h
config.status:681: creating src/Win32/PubCookieFilter.rc
config.status:681: creating stamp-h
config.status:681: creating module/Makefile
config.status:789: creating src/config.h
config.status:1072: src/config.h is unchanged
