J/ApJS/152/103 : 5
J/ApJS/145/329 : 1
J/A+A/428/383 : 1
VII/214 : 2
J/A+AS/129/87 : 2
VII/181 : 8
J/MNRAS/327/771 : 1
J/AJ/87/859 : 1
J/A+A/390/39 : 1
J/AJ/111/645 : 1
I/122 : 1
I/289 : 7
V/109 : 1
J/ApJS/148/97 : 1
VIII/60 : 1
VI/104 : 3
J/A+A/375/308 : 3
J/ApJS/150/19 : 1
J/ApJ/522/113 : 1
I/280A : 2
J/ApJ/613/682 : 1
I/238A : 1
VII/242 : 1
J/ApJ/554/803 : 1
I/261 : 2
B/eso : 7
J/ApJS/135/155 : 1
I/141 : 1
J/A+A/312/1031 : 1
VIII/41 : 2
II/156A : 1
J/ApJS/146/1 : 1
J/MNRAS/235/1313 : 1
VII/158 : 6
VIII/79 : 1
J/ApJS/141/23 : 1
VI/110 : 22
IX/37 : 12
I/282 : 9
J/ApJ/599/886 : 1
J/PASJ/52/997 : 1
I/246 : 1
I/274 : 1
J/A+A/423/755 : 1
J/A+AS/127/521 : 1
IX/35 : 1
J/A+A/386/492 : 1
VI/111 : 2
J/A+AS/122/235 : 1
V/15 : 1
VIII/49 : 1
J/A+A/376/1123 : 1
VII/2A : 1
VIII/5 : 1
J/MNRAS/342/575 : 1
J/AJ/124/100 : 1
J/A+AS/105/211 : 1
VI/105 : 1
J/other/RoAJ/10.51 : 1
J/A+A/358/77 : 1
I/199A : 1
J/A+A/431/773 : 1
J/AJ/125/2728 : 1
I/297 : 53
J/MNRAS/253/485 : 1
VIII/77 : 1
J/ApJ/543/552 : 1
B/hst : 11
IX/8 : 2
I/131A : 1
J/A+A/438/377 : 7
B/cfht : 6
VII/241 : 1
J/A+A/330/108 : 1
II/97 : 1
J/AJ/127/3587 : 1
VIII/40 : 1
V/51 : 1
J/ApJS/131/95 : 1
I/237 : 1
B/subaru : 5
I/267 : 20
VIII/38 : 2
J/ApJS/92/53 : 1
J/ApJS/146/125 : 1
J/ApJ/481/95 : 1
VIII/7A : 2
J/ApJ/453/616 : 1
J/A+AS/109/9 : 3
J/other/Ap/48.304 : 2
B/iram : 3
B/chandra : 3
J/A+A/386/97 : 1
J/A+AS/115/97 : 1
III/231 : 1
J/PASP/97/932 : 1
J/ApJS/140/143 : 1
J/A+A/423/469 : 1
VII/243 : 1
I/298 : 1
IX/25 : 3
J/ApJS/13/65 : 1
I/197A : 2
J/ApJS/73/781 : 1
VII/237 : 2
J/ApJS/155/257 : 2
IX/24 : 1
I/151 : 1
J/ApJS/51/67 : 1
II/264 : 4
J/PASJ/55/351 : 1
VII/113 : 1
J/ApJ/616/110 : 1
I/146 : 1
J/A+AS/70/95 : 1
J/other/PASAu/10.140 : 1
II/225 : 12
II/168 : 1
J/A+A/364/391 : 1
IV/25 : 1
J/AJ/126/2237 : 1
VIII/71 : 3
J/ApJS/45/97 : 1
IX/31 : 4
I/295 : 2
J/AJ/107/751 : 1
J/A+A/409/115 : 1
VIII/13 : 1
J/ApJS/129/547 : 1
II/169 : 1
J/A+A/250/370 : 1
J/A+AS/114/465 : 2
I/251 : 1
J/A+AS/132/305 : 1
J/ApJS/123/79 : 1
J/AJ/117/1905 : 1
VI/43 : 3
J/A+A/375/661 : 1
I/250 : 1
VIII/15 : 1
J/A+A/418/927 : 1
IV/28A : 1
J/ApJS/97/1 : 1
VII/193 : 2
I/61B : 1
J/AJ/127/156 : 1
VIII/14 : 1
VIII/72 : 1
J/ApJ/590/109 : 1
J/A+A/409/361 : 3
J/ApJS/151/299 : 1
J/MNRAS/229/589 : 1
II/226 : 1
J/ApJS/143/277 : 1
III/157 : 1
J/A+AS/139/545 : 1
J/AJ/108/1163 : 1
VIII/52B : 1
II/207 : 1
VIII/34 : 1
B/denis : 9
J/MNRAS/329/700 : 1
J/MNRAS/368/1411 : 1
J/A+A/433/1163 : 1
I/65 : 1
VIII/35 : 1
J/A+A/427/387 : 2
I/254 : 8
VII/80 : 1
IX/30 : 2
J/ApJS/143/257 : 1
I/252 : 34
J/A+AS/120/201 : 1
J/AJ/119/2540 : 1
I/171 : 1
I/271 : 34
J/A+A/406/535 : 1
B/merlin : 2
J/A+A/427/769 : 1
II/246 : 34
J/ApJS/96/303 : 1
III/135A : 1
VII/157 : 1
I/239 : 1
VI/103 : 2
VII/11 : 1
VII/69 : 1
J/PASP/106/646 : 1
I/285 : 1
III/148A : 1
IX/32 : 1
J/A+AS/65/485 : 1
VII/221 : 1
J/ApJS/155/33 : 1
I/154 : 2
VIII/64 : 1
I/276 : 1
B/xmm : 3
J/A+A/449/425 : 1
J/A+A/412/707 : 1
II/125 : 1
J/ApJ/571/665 : 1
J/MNRAS/263/425 : 1
I/176 : 1
J/ApJS/141/31 : 1
VII/54 : 1
IX/13 : 1
J/A+A/370/468 : 1
VIII/65 : 2
I/302 : 5
J/MNRAS/216/173 : 1
B/fuse : 1
J/ApJS/151/271 : 1
J/AJ/77/405 : 1
I/273A : 1
J/ApJ/609/539 : 1
J/A+AS/131/11 : 1
I/275 : 3
VI/117 : 2
VIII/17 : 1
IX/29 : 1
J/PASP/109/998 : 1
VII/185 : 1
I/256 : 1
VIII/16 : 1
J/A+A/378/30 : 1
J/A+AS/122/271 : 6
VIII/42 : 1
J/ApJS/104/287 : 1
IX/28A : 9
J/A+A/319/413 : 1
II/215 : 1
IX/10A : 8
II/259 : 55
I/284 : 51
I/96 : 2
J/AJ/109/2318 : 1
J/A+A/440/409 : 1
J/AZh/81/1032 : 1
III/214 : 1
VIII/1A : 1
I/291 : 1
I/259 : 2
II/126 : 1
VII/248 : 1
I/157 : 1
J/ApJS/154/585 : 1
J/AJ/130/873 : 1
J/A+A/411/L59 : 1
J/ApJS/145/199 : 1
J/A+A/436/799 : 1
I/290 : 2
VIII/4 : 1
